[2026-04-01T23:57:04Z INFO  webrender::device::gl] Renderer: ANGLE (NVIDIA, NVIDIA GeForce RTX 4060 Laptop GPU Direct3D11 vs_5_0 ps_5_0, D3D11-32.0.15.9186)
[2026-04-01T23:57:04Z INFO  webrender::device::gl] Version: OpenGL ES 3.0.0 (ANGLE 2.1.19735 git hash: 6784271c1c62)
[2026-04-01T23:57:04Z INFO  webrender::device::gl] Max texture size: 16384
[2026-04-01T23:57:04Z INFO  webrender::device::gl] GL context Gles 3.0
[2026-04-01T23:57:04Z INFO  webrender::device::gl] GL texture cache TextureFormatPair { internal: BGRA8, external: BGRA8 }, bgra TextureFormatPair { internal: 37793, external: 32993 } swizzle Rgba, texture storage Always, depth 33190
[2026-04-01T23:57:04Z WARN  webrender::device::gl] Missing optimized shader source for gpu_cache_update
[2026-04-01T23:57:04Z INFO  webrender::renderer::init] WR FrameBuilderConfig { default_font_render_mode: Subpixel, dual_source_blending_is_supported: true, testing: false, gpu_supports_fast_clears: false, gpu_supports_advanced_blend: false, advanced_blend_is_coherent: false, gpu_supports_render_target_partial_update: true, external_images_require_copy: false, batch_lookback_count: 10, background_color: Some(ColorF { r: 1.0, g: 1.0, b: 1.0, a: 1.0 }), compositor_kind: Draw { max_partial_present_rects: 0, draw_previous_partial_present_regions: false }, tile_size_override: None, max_surface_override: None, max_depth_ids: 4194304, max_target_size: 16384, force_invalidation: false, is_software: false, low_quality_pinch_zoom: false, max_shared_surface_size: 2048, enable_dithering: true, precise_linear_gradients: false, precise_radial_gradients: false, precise_conic_gradients: false }
[2026-04-01T23:57:08Z INFO  webrender::renderer::init] wgpu: headless device created alongside GL
[2026-04-01T23:57:08Z INFO  webrender::renderer::init] using KHR
[2026-04-01T23:57:08Z WARN  webrender::device::gl] Cropping texture upload Box2D((0, 0), (0, 1)) to None
[2026-04-01T23:57:08Z WARN  webrender::device::gl] Cropping texture upload Box2D((0, 0), (0, 1)) to None
[2026-04-01T23:57:08Z WARN  webrender::device::gl] Cropping texture upload Box2D((0, 0), (0, 1)) to None
[2026-04-01T23:57:08Z WARN  webrender::device::gl] Cropping texture upload Box2D((0, 0), (0, 1)) to None
[2026-04-01T23:57:08Z WARN  webrender::device::gl] Cropping texture upload Box2D((0, 0), (0, 1)) to None
[2026-04-01T23:57:08Z WARN  webrender::device::gl] Cropping texture upload Box2D((0, 0), (0, 1)) to None
[2026-04-01T23:57:08Z WARN  webrender::device::gl] Cropping texture upload Box2D((0, 0), (0, 1)) to None
[2026-04-01T23:57:08Z WARN  webrender::device::gl] Cropping texture upload Box2D((0, 0), (0, 1)) to None
[2026-04-01T23:57:08Z WARN  webrender::device::gl] Cropping texture upload Box2D((0, 0), (0, 1)) to None
[2026-04-01T23:57:08Z INFO  webrender::picture] wgpu DPS_DIAG: surface[0].device_pixel_scale=1.000, world_scale=(1.000,1.000)
[2026-04-02T00:02:01Z INFO  webrender::picture] wgpu DPS_DIAG: surface[0].device_pixel_scale=1.000, world_scale=(1.000,1.000)
[2026-04-02T00:02:01Z INFO  webrender::picture] wgpu DPS_DIAG: surface[0].device_pixel_scale=1.000, world_scale=(1.000,1.000)
[2026-04-02T00:02:52Z INFO  webrender::render_backend] Recycling stats: Recycler { num_allocations: 0 }
