[2026-04-01T22:33:00Z WARN  webrender::device::gl] Missing optimized shader source for gpu_cache_update
[2026-04-01T22:33:00Z WARN  wgpu_hal::vulkan::instance] InstanceFlags::VALIDATION requested, but unable to find layer: VK_LAYER_KHRONOS_validation
[2026-04-01T22:33:00Z WARN  wgpu_hal::vulkan::instance] GENERAL [Loader Message (0x0)]
    	windows_read_data_files_in_registry: Registry lookup failed to get layer manifest files.
[2026-04-01T22:33:00Z WARN  wgpu_hal::vulkan::instance] 	objects: (type: INSTANCE, hndl: 0x1594c02eae0, name: ?)
[2026-04-01T22:33:04Z WARN  webrender::device::gl] Cropping texture upload Box2D((0, 0), (0, 1)) to None
[2026-04-01T22:33:04Z WARN  webrender::device::gl] Cropping texture upload Box2D((0, 0), (0, 1)) to None
[2026-04-01T22:33:04Z WARN  servo_constellation::constellation] Pipeline(1,1): Visibility change for closed pipeline
[2026-04-01T22:33:04Z WARN  webrender::device::gl] Cropping texture upload Box2D((0, 0), (0, 1)) to None
[2026-04-01T22:33:04Z WARN  webrender::device::gl] Cropping texture upload Box2D((0, 0), (0, 1)) to None
[2026-04-01T22:33:04Z WARN  script::timers] Resuming an already resumed timer.
[2026-04-01T22:33:04Z WARN  webrender::device::gl] Cropping texture upload Box2D((0, 0), (0, 1)) to None
[2026-04-01T22:33:04Z WARN  webrender::device::gl] Cropping texture upload Box2D((0, 0), (0, 1)) to None
[2026-04-01T22:33:04Z WARN  webrender::device::gl] Cropping texture upload Box2D((0, 0), (0, 1)) to None
[2026-04-01T22:33:04Z WARN  webrender::device::gl] Cropping texture upload Box2D((0, 0), (0, 1)) to None
[2026-04-01T22:33:04Z WARN  webrender::device::gl] Cropping texture upload Box2D((0, 0), (0, 1)) to None
[2026-04-01T22:33:39Z WARN  paint::webview_renderer] Empty hit test result for input event, ignoring.
[2026-04-01T22:33:39Z WARN  paint::webview_renderer] Empty hit test result for input event, ignoring.
[2026-04-01T22:33:39Z WARN  paint::webview_renderer] Empty hit test result for input event, ignoring.
[2026-04-01T22:33:39Z WARN  paint::webview_renderer] Empty hit test result for input event, ignoring.
[2026-04-01T22:33:39Z WARN  paint::webview_renderer] Empty hit test result for input event, ignoring.
[2026-04-01T22:33:39Z WARN  paint::webview_renderer] Empty hit test result for input event, ignoring.
[2026-04-01T22:33:40Z WARN  profile_traits::mem] Error communicating with the memory profiler thread: Disconnected
[2026-04-01T22:33:40Z WARN  profile_traits::mem] Error communicating with the memory profiler thread: Disconnected
[2026-04-01T22:33:40Z WARN  profile_traits::mem] Error communicating with the memory profiler thread: Disconnected
[2026-04-01T22:33:40Z WARN  profile_traits::mem] Error communicating with the memory profiler thread: Disconnected
[2026-04-01T22:33:40Z WARN  profile_traits::mem] Error communicating with the memory profiler thread: Disconnected
[2026-04-01T22:33:40Z WARN  profile_traits::mem] Error communicating with the memory profiler thread: Disconnected
[2026-04-01T22:33:40Z WARN  profile_traits::mem] Error communicating with the memory profiler thread: Disconnected
