[2026-04-01T22:32:33Z INFO  webrender::device::gl] Renderer: ANGLE (NVIDIA, NVIDIA GeForce RTX 4060 Laptop GPU Direct3D11 vs_5_0 ps_5_0, D3D11-32.0.15.9186)
[2026-04-01T22:32:33Z INFO  webrender::device::gl] Version: OpenGL ES 3.0.0 (ANGLE 2.1.19735 git hash: 6784271c1c62)
[2026-04-01T22:32:33Z INFO  webrender::device::gl] Max texture size: 16384
[2026-04-01T22:32:33Z INFO  webrender::device::gl] GL context Gles 3.0
[2026-04-01T22:32:33Z INFO  webrender::device::gl] GL texture cache TextureFormatPair { internal: BGRA8, external: BGRA8 }, bgra TextureFormatPair { internal: 37793, external: 32993 } swizzle Rgba, texture storage Always, depth 33190
[2026-04-01T22:32:33Z WARN  webrender::device::gl] Missing optimized shader source for gpu_cache_update
[2026-04-01T22:32:33Z INFO  webrender::renderer::init] WR FrameBuilderConfig { default_font_render_mode: Subpixel, dual_source_blending_is_supported: true, testing: false, gpu_supports_fast_clears: false, gpu_supports_advanced_blend: false, advanced_blend_is_coherent: false, gpu_supports_render_target_partial_update: true, external_images_require_copy: false, batch_lookback_count: 10, background_color: Some(ColorF { r: 1.0, g: 1.0, b: 1.0, a: 1.0 }), compositor_kind: Draw { max_partial_present_rects: 0, draw_previous_partial_present_regions: false }, tile_size_override: None, max_surface_override: None, max_depth_ids: 4194304, max_target_size: 16384, force_invalidation: false, is_software: false, low_quality_pinch_zoom: false, max_shared_surface_size: 2048, enable_dithering: true, precise_linear_gradients: false, precise_radial_gradients: false, precise_conic_gradients: false }
[2026-04-01T22:32:33Z WARN  wgpu_hal::vulkan::instance] InstanceFlags::VALIDATION requested, but unable to find layer: VK_LAYER_KHRONOS_validation
[2026-04-01T22:32:33Z INFO  wgpu_hal::vulkan::instance] GENERAL [Loader Message (0x0)]
    	No valid vk_loader_settings.json file found, no loader settings will be active
[2026-04-01T22:32:33Z INFO  wgpu_hal::vulkan::instance] 	objects: (type: INSTANCE, hndl: 0x2bb83709b40, name: ?)
[2026-04-01T22:32:33Z INFO  wgpu_hal::vulkan::instance] GENERAL [Loader Message (0x0)]
    	windows_get_app_package_manifest_path: Failed to find mapping layers packages by family name
[2026-04-01T22:32:33Z INFO  wgpu_hal::vulkan::instance] 	objects: (type: INSTANCE, hndl: 0x2bb83709b40, name: ?)
[2026-04-01T22:32:33Z INFO  wgpu_hal::vulkan::instance] GENERAL [Loader Message (0x0)]
    	Checking for Layer Manifest files in Registry at HKEY_LOCAL_MACHINE\SOFTWARE\Khronos\Vulkan\ImplicitLayers
[2026-04-01T22:32:33Z INFO  wgpu_hal::vulkan::instance] 	objects: (type: INSTANCE, hndl: 0x2bb83709b40, name: ?)
[2026-04-01T22:32:33Z INFO  wgpu_hal::vulkan::instance] GENERAL [Loader Message (0x0)]
    	windows_add_json_entry: Located json file "C:\WINDOWS\System32\DriverStore\FileRepository\u0397506.inf_amd64_a5675dd14283182f\B397301\amd-vulkan64.json" from PnP registry: E
[2026-04-01T22:32:33Z INFO  wgpu_hal::vulkan::instance] 	objects: (type: INSTANCE, hndl: 0x2bb83709b40, name: ?)
[2026-04-01T22:32:33Z INFO  wgpu_hal::vulkan::instance] GENERAL [Loader Message (0x0)]
    	windows_add_json_entry: Located json file "C:\WINDOWS\System32\DriverStore\FileRepository\nvami.inf_amd64_171f1746818db7fd\nv-vk64.json" from PnP registry: E
[2026-04-01T22:32:33Z INFO  wgpu_hal::vulkan::instance] 	objects: (type: INSTANCE, hndl: 0x2bb83709b40, name: ?)
[2026-04-01T22:32:33Z INFO  wgpu_hal::vulkan::instance] GENERAL [Loader Message (0x0)]
    	Located json file "C:\Program Files (x86)\Steam\SteamOverlayVulkanLayer64.json" from registry "HKEY_LOCAL_MACHINE\SOFTWARE\Khronos\Vulkan\ImplicitLayers"
[2026-04-01T22:32:33Z INFO  wgpu_hal::vulkan::instance] 	objects: (type: INSTANCE, hndl: 0x2bb83709b40, name: ?)
[2026-04-01T22:32:33Z INFO  wgpu_hal::vulkan::instance] GENERAL [Loader Message (0x0)]
    	Located json file "C:\Program Files (x86)\Steam\SteamFossilizeVulkanLayer64.json" from registry "HKEY_LOCAL_MACHINE\SOFTWARE\Khronos\Vulkan\ImplicitLayers"
[2026-04-01T22:32:33Z INFO  wgpu_hal::vulkan::instance] 	objects: (type: INSTANCE, hndl: 0x2bb83709b40, name: ?)
[2026-04-01T22:32:33Z INFO  wgpu_hal::vulkan::instance] GENERAL [Loader Message (0x0)]
    	Found manifest file C:\WINDOWS\System32\DriverStore\FileRepository\u0397506.inf_amd64_a5675dd14283182f\B397301\amd-vulkan64.json (file version 1.0.0)
[2026-04-01T22:32:33Z INFO  wgpu_hal::vulkan::instance] 	objects: (type: INSTANCE, hndl: 0x2bb83709b40, name: ?)
[2026-04-01T22:32:33Z INFO  wgpu_hal::vulkan::instance] GENERAL [Loader Message (0x0)]
    	Found manifest file C:\WINDOWS\System32\DriverStore\FileRepository\nvami.inf_amd64_171f1746818db7fd\nv-vk64.json (file version 1.0.1)
[2026-04-01T22:32:33Z INFO  wgpu_hal::vulkan::instance] 	objects: (type: INSTANCE, hndl: 0x2bb83709b40, name: ?)
[2026-04-01T22:32:33Z INFO  wgpu_hal::vulkan::instance] GENERAL [Loader Message (0x0)]
    	Found manifest file C:\Program Files (x86)\Steam\SteamOverlayVulkanLayer64.json (file version 1.0.0)
[2026-04-01T22:32:33Z INFO  wgpu_hal::vulkan::instance] 	objects: (type: INSTANCE, hndl: 0x2bb83709b40, name: ?)
[2026-04-01T22:32:33Z INFO  wgpu_hal::vulkan::instance] GENERAL [Loader Message (0x0)]
    	Found manifest file C:\Program Files (x86)\Steam\SteamFossilizeVulkanLayer64.json (file version 1.0.0)
[2026-04-01T22:32:33Z INFO  wgpu_hal::vulkan::instance] 	objects: (type: INSTANCE, hndl: 0x2bb83709b40, name: ?)
[2026-04-01T22:32:33Z INFO  wgpu_hal::vulkan::instance] GENERAL [Loader Message (0x0)]
    	Checking for Layer Manifest files in Registry at HKEY_LOCAL_MACHINE\SOFTWARE\Khronos\Vulkan\ExplicitLayers
[2026-04-01T22:32:33Z INFO  wgpu_hal::vulkan::instance] 	objects: (type: INSTANCE, hndl: 0x2bb83709b40, name: ?)
[2026-04-01T22:32:33Z INFO  wgpu_hal::vulkan::instance] GENERAL [Loader Message (0x0)]
    	windows_get_device_registry_files: opening device PCI\VEN_1002&DEV_15BF&SUBSYS_180D1043&REV_C1\4&98c338a&0&0041
[2026-04-01T22:32:33Z INFO  wgpu_hal::vulkan::instance] 	objects: (type: INSTANCE, hndl: 0x2bb83709b40, name: ?)
[2026-04-01T22:32:33Z INFO  wgpu_hal::vulkan::instance] GENERAL [Loader Message (0x0)]
    	windows_get_device_registry_entry: Device ID(2) Does not contain a value for "VulkanExplicitLayers"
[2026-04-01T22:32:33Z INFO  wgpu_hal::vulkan::instance] 	objects: (type: INSTANCE, hndl: 0x2bb83709b40, name: ?)
[2026-04-01T22:32:33Z INFO  wgpu_hal::vulkan::instance] GENERAL [Loader Message (0x0)]
    	windows_get_device_registry_files: Opening child device 128 - SWD\DRIVERENUM\AMDUWP&5&1F08C561&0
[2026-04-01T22:32:33Z INFO  wgpu_hal::vulkan::instance] 	objects: (type: INSTANCE, hndl: 0x2bb83709b40, name: ?)
[2026-04-01T22:32:33Z INFO  wgpu_hal::vulkan::instance] GENERAL [Loader Message (0x0)]
    	windows_get_device_registry_entry: Device ID(128) Does not contain a value for "VulkanExplicitLayers"
[2026-04-01T22:32:33Z INFO  wgpu_hal::vulkan::instance] 	objects: (type: INSTANCE, hndl: 0x2bb83709b40, name: ?)
[2026-04-01T22:32:33Z INFO  wgpu_hal::vulkan::instance] GENERAL [Loader Message (0x0)]
    	windows_get_device_registry_files: opening device PCI\VEN_10DE&DEV_28E0&SUBSYS_180D1043&REV_A1\4&2b5a5da1&0&0009
[2026-04-01T22:32:33Z INFO  wgpu_hal::vulkan::instance] 	objects: (type: INSTANCE, hndl: 0x2bb83709b40, name: ?)
[2026-04-01T22:32:33Z INFO  wgpu_hal::vulkan::instance] GENERAL [Loader Message (0x0)]
    	windows_get_device_registry_entry: Device ID(1) Does not contain a value for "VulkanExplicitLayers"
[2026-04-01T22:32:33Z INFO  wgpu_hal::vulkan::instance] 	objects: (type: INSTANCE, hndl: 0x2bb83709b40, name: ?)
[2026-04-01T22:32:33Z INFO  wgpu_hal::vulkan::instance] GENERAL [Loader Message (0x0)]
    	windows_get_device_registry_files: Opening child device 164 - DISPLAY\TMX1401\5&BA0A908&0&UID4355
[2026-04-01T22:32:33Z INFO  wgpu_hal::vulkan::instance] 	objects: (type: INSTANCE, hndl: 0x2bb83709b40, name: ?)
[2026-04-01T22:32:33Z INFO  wgpu_hal::vulkan::instance] GENERAL [Loader Message (0x0)]
    	windows_get_device_registry_files: found no registry files
[2026-04-01T22:32:33Z INFO  wgpu_hal::vulkan::instance] 	objects: (type: INSTANCE, hndl: 0x2bb83709b40, name: ?)
[2026-04-01T22:32:33Z INFO  wgpu_hal::vulkan::instance] GENERAL [Loader Message (0x0)]
    	Found no registry files in HKEY_CURRENT_USER\SOFTWARE\Khronos\Vulkan\ExplicitLayers
[2026-04-01T22:32:33Z INFO  wgpu_hal::vulkan::instance] 	objects: (type: INSTANCE, hndl: 0x2bb83709b40, name: ?)
[2026-04-01T22:32:33Z WARN  wgpu_hal::vulkan::instance] GENERAL [Loader Message (0x0)]
    	windows_read_data_files_in_registry: Registry lookup failed to get layer manifest files.
[2026-04-01T22:32:33Z WARN  wgpu_hal::vulkan::instance] 	objects: (type: INSTANCE, hndl: 0x2bb83709b40, name: ?)
[2026-04-01T22:32:33Z INFO  wgpu_hal::vulkan::instance] GENERAL [Loader Message (0x0)]
    	windows_get_app_package_manifest_path: Failed to find mapping layers packages by family name
[2026-04-01T22:32:33Z INFO  wgpu_hal::vulkan::instance] 	objects: (type: INSTANCE, hndl: 0x2bb83709b40, name: ?)
[2026-04-01T22:32:33Z INFO  wgpu_hal::vulkan::instance] GENERAL [Loader Message (0x0)]
    	Checking for Driver Manifest files in Registry at HKEY_LOCAL_MACHINE\SOFTWARE\Khronos\Vulkan\Drivers
[2026-04-01T22:32:33Z INFO  wgpu_hal::vulkan::instance] 	objects: (type: INSTANCE, hndl: 0x2bb83709b40, name: ?)
[2026-04-01T22:32:33Z INFO  wgpu_hal::vulkan::instance] GENERAL [Loader Message (0x0)]
    	windows_add_json_entry: Located json file "C:\WINDOWS\System32\DriverStore\FileRepository\u0397506.inf_amd64_a5675dd14283182f\B397301\amd-vulkan64.json" from PnP registry: E
[2026-04-01T22:32:33Z INFO  wgpu_hal::vulkan::instance] 	objects: (type: INSTANCE, hndl: 0x2bb83709b40, name: ?)
[2026-04-01T22:32:33Z INFO  wgpu_hal::vulkan::instance] GENERAL [Loader Message (0x0)]
    	windows_add_json_entry: Located json file "C:\WINDOWS\System32\DriverStore\FileRepository\nvami.inf_amd64_171f1746818db7fd\nv-vk64.json" from PnP registry: E
[2026-04-01T22:32:33Z INFO  wgpu_hal::vulkan::instance] 	objects: (type: INSTANCE, hndl: 0x2bb83709b40, name: ?)
[2026-04-01T22:32:33Z INFO  wgpu_hal::vulkan::instance] GENERAL [Loader Message (0x0)]
    	Found no registry files in HKEY_LOCAL_MACHINE\SOFTWARE\Khronos\Vulkan\Drivers
[2026-04-01T22:32:33Z INFO  wgpu_hal::vulkan::instance] 	objects: (type: INSTANCE, hndl: 0x2bb83709b40, name: ?)
[2026-04-01T22:32:33Z INFO  wgpu_hal::vulkan::instance] GENERAL [Loader Message (0x0)]
    	Found ICD manifest file C:\WINDOWS\System32\DriverStore\FileRepository\u0397506.inf_amd64_a5675dd14283182f\B397301\amd-vulkan64.json, version 1.0.0
[2026-04-01T22:32:33Z INFO  wgpu_hal::vulkan::instance] 	objects: (type: INSTANCE, hndl: 0x2bb83709b40, name: ?)
[2026-04-01T22:32:33Z INFO  wgpu_hal::vulkan::instance] GENERAL [Loader Message (0x0)]
    	Found ICD manifest file C:\WINDOWS\System32\DriverStore\FileRepository\nvami.inf_amd64_171f1746818db7fd\nv-vk64.json, version 1.0.1
[2026-04-01T22:32:33Z INFO  wgpu_hal::vulkan::instance] 	objects: (type: INSTANCE, hndl: 0x2bb83709b40, name: ?)
[2026-04-01T22:32:33Z INFO  wgpu_hal::vulkan::instance] GENERAL [Loader Message (0x0)]
    	Insert instance layer "VK_LAYER_NV_present" (C:\WINDOWS\System32\DriverStore\FileRepository\nvami.inf_amd64_171f1746818db7fd\.\nvoglv64.dll)
[2026-04-01T22:32:33Z INFO  wgpu_hal::vulkan::instance] 	objects: (type: INSTANCE, hndl: 0x2bb83709b40, name: ?)
[2026-04-01T22:32:33Z INFO  wgpu_hal::vulkan::instance] GENERAL [Loader Message (0x0)]
    	Insert instance layer "VK_LAYER_NV_optimus" (C:\WINDOWS\System32\DriverStore\FileRepository\nvami.inf_amd64_171f1746818db7fd\.\nvoglv64.dll)
[2026-04-01T22:32:33Z INFO  wgpu_hal::vulkan::instance] 	objects: (type: INSTANCE, hndl: 0x2bb83709b40, name: ?)
[2026-04-01T22:32:33Z INFO  wgpu_hal::vulkan::instance] GENERAL [Loader Message (0x0)]
    	Insert instance layer "VK_LAYER_AMD_switchable_graphics" (C:\WINDOWS\System32\DriverStore\FileRepository\u0397506.inf_amd64_a5675dd14283182f\B397301\.\amdvlk64.dll)
[2026-04-01T22:32:33Z INFO  wgpu_hal::vulkan::instance] 	objects: (type: INSTANCE, hndl: 0x2bb83709b40, name: ?)
[2026-04-01T22:32:33Z INFO  wgpu_hal::vulkan::instance] GENERAL [Loader Message (0x0)]
    	vkCreateInstance layer callstack setup to:
[2026-04-01T22:32:33Z INFO  wgpu_hal::vulkan::instance] 	objects: (type: INSTANCE, hndl: 0x2bb83709b40, name: ?)
[2026-04-01T22:32:33Z INFO  wgpu_hal::vulkan::instance] GENERAL [Loader Message (0x0)]
    	   <Application>
[2026-04-01T22:32:33Z INFO  wgpu_hal::vulkan::instance] 	objects: (type: INSTANCE, hndl: 0x2bb83709b40, name: ?)
[2026-04-01T22:32:33Z INFO  wgpu_hal::vulkan::instance] GENERAL [Loader Message (0x0)]
    	     ||
[2026-04-01T22:32:33Z INFO  wgpu_hal::vulkan::instance] 	objects: (type: INSTANCE, hndl: 0x2bb83709b40, name: ?)
[2026-04-01T22:32:33Z INFO  wgpu_hal::vulkan::instance] GENERAL [Loader Message (0x0)]
    	   <Loader>
[2026-04-01T22:32:33Z INFO  wgpu_hal::vulkan::instance] 	objects: (type: INSTANCE, hndl: 0x2bb83709b40, name: ?)
[2026-04-01T22:32:33Z INFO  wgpu_hal::vulkan::instance] GENERAL [Loader Message (0x0)]
    	     ||
[2026-04-01T22:32:33Z INFO  wgpu_hal::vulkan::instance] 	objects: (type: INSTANCE, hndl: 0x2bb83709b40, name: ?)
[2026-04-01T22:32:33Z INFO  wgpu_hal::vulkan::instance] GENERAL [Loader Message (0x0)]
    	   VK_LAYER_AMD_switchable_graphics
[2026-04-01T22:32:33Z INFO  wgpu_hal::vulkan::instance] 	objects: (type: INSTANCE, hndl: 0x2bb83709b40, name: ?)
[2026-04-01T22:32:33Z INFO  wgpu_hal::vulkan::instance] GENERAL [Loader Message (0x0)]
    	           Type: Implicit
[2026-04-01T22:32:33Z INFO  wgpu_hal::vulkan::instance] 	objects: (type: INSTANCE, hndl: 0x2bb83709b40, name: ?)
[2026-04-01T22:32:33Z INFO  wgpu_hal::vulkan::instance] GENERAL [Loader Message (0x0)]
    	           Enabled By: Implicit Layer
[2026-04-01T22:32:33Z INFO  wgpu_hal::vulkan::instance] 	objects: (type: INSTANCE, hndl: 0x2bb83709b40, name: ?)
[2026-04-01T22:32:33Z INFO  wgpu_hal::vulkan::instance] GENERAL [Loader Message (0x0)]
    	               Disable Env Var:  DISABLE_LAYER_AMD_SWITCHABLE_GRAPHICS_1
[2026-04-01T22:32:33Z INFO  wgpu_hal::vulkan::instance] 	objects: (type: INSTANCE, hndl: 0x2bb83709b40, name: ?)
[2026-04-01T22:32:33Z INFO  wgpu_hal::vulkan::instance] GENERAL [Loader Message (0x0)]
    	           Manifest: C:\WINDOWS\System32\DriverStore\FileRepository\u0397506.inf_amd64_a5675dd14283182f\B397301\amd-vulkan64.json
[2026-04-01T22:32:33Z INFO  wgpu_hal::vulkan::instance] 	objects: (type: INSTANCE, hndl: 0x2bb83709b40, name: ?)
[2026-04-01T22:32:33Z INFO  wgpu_hal::vulkan::instance] GENERAL [Loader Message (0x0)]
    	           Library:  C:\WINDOWS\System32\DriverStore\FileRepository\u0397506.inf_amd64_a5675dd14283182f\B397301\.\amdvlk64.dll
[2026-04-01T22:32:33Z INFO  wgpu_hal::vulkan::instance] 	objects: (type: INSTANCE, hndl: 0x2bb83709b40, name: ?)
[2026-04-01T22:32:33Z INFO  wgpu_hal::vulkan::instance] GENERAL [Loader Message (0x0)]
    	     ||
[2026-04-01T22:32:33Z INFO  wgpu_hal::vulkan::instance] 	objects: (type: INSTANCE, hndl: 0x2bb83709b40, name: ?)
[2026-04-01T22:32:33Z INFO  wgpu_hal::vulkan::instance] GENERAL [Loader Message (0x0)]
    	   VK_LAYER_NV_optimus
[2026-04-01T22:32:33Z INFO  wgpu_hal::vulkan::instance] 	objects: (type: INSTANCE, hndl: 0x2bb83709b40, name: ?)
[2026-04-01T22:32:33Z INFO  wgpu_hal::vulkan::instance] GENERAL [Loader Message (0x0)]
    	           Type: Implicit
[2026-04-01T22:32:33Z INFO  wgpu_hal::vulkan::instance] 	objects: (type: INSTANCE, hndl: 0x2bb83709b40, name: ?)
[2026-04-01T22:32:33Z INFO  wgpu_hal::vulkan::instance] GENERAL [Loader Message (0x0)]
    	           Enabled By: Implicit Layer
[2026-04-01T22:32:33Z INFO  wgpu_hal::vulkan::instance] 	objects: (type: INSTANCE, hndl: 0x2bb83709b40, name: ?)
[2026-04-01T22:32:33Z INFO  wgpu_hal::vulkan::instance] GENERAL [Loader Message (0x0)]
    	               Disable Env Var:  DISABLE_LAYER_NV_OPTIMUS_1
[2026-04-01T22:32:33Z INFO  wgpu_hal::vulkan::instance] 	objects: (type: INSTANCE, hndl: 0x2bb83709b40, name: ?)
[2026-04-01T22:32:33Z INFO  wgpu_hal::vulkan::instance] GENERAL [Loader Message (0x0)]
    	           Manifest: C:\WINDOWS\System32\DriverStore\FileRepository\nvami.inf_amd64_171f1746818db7fd\nv-vk64.json
[2026-04-01T22:32:33Z INFO  wgpu_hal::vulkan::instance] 	objects: (type: INSTANCE, hndl: 0x2bb83709b40, name: ?)
[2026-04-01T22:32:33Z INFO  wgpu_hal::vulkan::instance] GENERAL [Loader Message (0x0)]
    	           Library:  C:\WINDOWS\System32\DriverStore\FileRepository\nvami.inf_amd64_171f1746818db7fd\.\nvoglv64.dll
[2026-04-01T22:32:33Z INFO  wgpu_hal::vulkan::instance] 	objects: (type: INSTANCE, hndl: 0x2bb83709b40, name: ?)
[2026-04-01T22:32:33Z INFO  wgpu_hal::vulkan::instance] GENERAL [Loader Message (0x0)]
    	     ||
[2026-04-01T22:32:33Z INFO  wgpu_hal::vulkan::instance] 	objects: (type: INSTANCE, hndl: 0x2bb83709b40, name: ?)
[2026-04-01T22:32:33Z INFO  wgpu_hal::vulkan::instance] GENERAL [Loader Message (0x0)]
    	   VK_LAYER_NV_present
[2026-04-01T22:32:33Z INFO  wgpu_hal::vulkan::instance] 	objects: (type: INSTANCE, hndl: 0x2bb83709b40, name: ?)
[2026-04-01T22:32:33Z INFO  wgpu_hal::vulkan::instance] GENERAL [Loader Message (0x0)]
    	           Type: Implicit
[2026-04-01T22:32:33Z INFO  wgpu_hal::vulkan::instance] 	objects: (type: INSTANCE, hndl: 0x2bb83709b40, name: ?)
[2026-04-01T22:32:33Z INFO  wgpu_hal::vulkan::instance] GENERAL [Loader Message (0x0)]
    	           Enabled By: Implicit Layer
[2026-04-01T22:32:33Z INFO  wgpu_hal::vulkan::instance] 	objects: (type: INSTANCE, hndl: 0x2bb83709b40, name: ?)
[2026-04-01T22:32:33Z INFO  wgpu_hal::vulkan::instance] GENERAL [Loader Message (0x0)]
    	               Disable Env Var:  DISABLE_LAYER_NV_PRESENT_1
[2026-04-01T22:32:33Z INFO  wgpu_hal::vulkan::instance] 	objects: (type: INSTANCE, hndl: 0x2bb83709b40, name: ?)
[2026-04-01T22:32:33Z INFO  wgpu_hal::vulkan::instance] GENERAL [Loader Message (0x0)]
    	           Manifest: C:\WINDOWS\System32\DriverStore\FileRepository\nvami.inf_amd64_171f1746818db7fd\nv-vk64.json
[2026-04-01T22:32:33Z INFO  wgpu_hal::vulkan::instance] 	objects: (type: INSTANCE, hndl: 0x2bb83709b40, name: ?)
[2026-04-01T22:32:33Z INFO  wgpu_hal::vulkan::instance] GENERAL [Loader Message (0x0)]
    	           Library:  C:\WINDOWS\System32\DriverStore\FileRepository\nvami.inf_amd64_171f1746818db7fd\.\nvoglv64.dll
[2026-04-01T22:32:33Z INFO  wgpu_hal::vulkan::instance] 	objects: (type: INSTANCE, hndl: 0x2bb83709b40, name: ?)
[2026-04-01T22:32:33Z INFO  wgpu_hal::vulkan::instance] GENERAL [Loader Message (0x0)]
    	     ||
[2026-04-01T22:32:33Z INFO  wgpu_hal::vulkan::instance] 	objects: (type: INSTANCE, hndl: 0x2bb83709b40, name: ?)
[2026-04-01T22:32:33Z INFO  wgpu_hal::vulkan::instance] GENERAL [Loader Message (0x0)]
    	   <Drivers>
[2026-04-01T22:32:33Z INFO  wgpu_hal::vulkan::instance] 	objects: (type: INSTANCE, hndl: 0x2bb83709b40, name: ?)
[2026-04-01T22:32:33Z INFO  wgpu_hal::vulkan::instance] Enabling debug utils
[2026-04-01T22:32:33Z INFO  wgpu_hal::vulkan::instance] GENERAL [Loader Message (0x0)]
    	Inserted device layer "VK_LAYER_NV_present" (C:\WINDOWS\System32\DriverStore\FileRepository\nvami.inf_amd64_171f1746818db7fd\.\nvoglv64.dll)
[2026-04-01T22:32:33Z INFO  wgpu_hal::vulkan::instance] 	objects: (type: INSTANCE, hndl: 0x2bb83709b40, name: ?)
[2026-04-01T22:32:33Z INFO  wgpu_hal::vulkan::instance] GENERAL [Loader Message (0x0)]
    	Inserted device layer "VK_LAYER_NV_optimus" (C:\WINDOWS\System32\DriverStore\FileRepository\nvami.inf_amd64_171f1746818db7fd\.\nvoglv64.dll)
[2026-04-01T22:32:33Z INFO  wgpu_hal::vulkan::instance] 	objects: (type: INSTANCE, hndl: 0x2bb83709b40, name: ?)
[2026-04-01T22:32:33Z INFO  wgpu_hal::vulkan::instance] GENERAL [Loader Message (0x0)]
    	Failed to find vkGetDeviceProcAddr in layer "C:\WINDOWS\System32\DriverStore\FileRepository\u0397506.inf_amd64_a5675dd14283182f\B397301\.\amdvlk64.dll"
[2026-04-01T22:32:33Z INFO  wgpu_hal::vulkan::instance] 	objects: (type: INSTANCE, hndl: 0x2bb83709b40, name: ?)
[2026-04-01T22:32:33Z INFO  wgpu_hal::vulkan::instance] GENERAL [Loader Message (0x0)]
    	vkCreateDevice layer callstack setup to:
[2026-04-01T22:32:33Z INFO  wgpu_hal::vulkan::instance] 	objects: (type: INSTANCE, hndl: 0x2bb83709b40, name: ?)
[2026-04-01T22:32:33Z INFO  wgpu_hal::vulkan::instance] GENERAL [Loader Message (0x0)]
    	   <Application>
[2026-04-01T22:32:33Z INFO  wgpu_hal::vulkan::instance] 	objects: (type: INSTANCE, hndl: 0x2bb83709b40, name: ?)
[2026-04-01T22:32:33Z INFO  wgpu_hal::vulkan::instance] GENERAL [Loader Message (0x0)]
    	     ||
[2026-04-01T22:32:33Z INFO  wgpu_hal::vulkan::instance] 	objects: (type: INSTANCE, hndl: 0x2bb83709b40, name: ?)
[2026-04-01T22:32:33Z INFO  wgpu_hal::vulkan::instance] GENERAL [Loader Message (0x0)]
    	   <Loader>
[2026-04-01T22:32:33Z INFO  wgpu_hal::vulkan::instance] 	objects: (type: INSTANCE, hndl: 0x2bb83709b40, name: ?)
[2026-04-01T22:32:33Z INFO  wgpu_hal::vulkan::instance] GENERAL [Loader Message (0x0)]
    	     ||
[2026-04-01T22:32:33Z INFO  wgpu_hal::vulkan::instance] 	objects: (type: INSTANCE, hndl: 0x2bb83709b40, name: ?)
[2026-04-01T22:32:33Z INFO  wgpu_hal::vulkan::instance] GENERAL [Loader Message (0x0)]
    	   VK_LAYER_NV_optimus
[2026-04-01T22:32:33Z INFO  wgpu_hal::vulkan::instance] 	objects: (type: INSTANCE, hndl: 0x2bb83709b40, name: ?)
[2026-04-01T22:32:33Z INFO  wgpu_hal::vulkan::instance] GENERAL [Loader Message (0x0)]
    	           Type: Implicit
[2026-04-01T22:32:33Z INFO  wgpu_hal::vulkan::instance] 	objects: (type: INSTANCE, hndl: 0x2bb83709b40, name: ?)
[2026-04-01T22:32:33Z INFO  wgpu_hal::vulkan::instance] GENERAL [Loader Message (0x0)]
    	           Enabled By: Implicit Layer
[2026-04-01T22:32:33Z INFO  wgpu_hal::vulkan::instance] 	objects: (type: INSTANCE, hndl: 0x2bb83709b40, name: ?)
[2026-04-01T22:32:33Z INFO  wgpu_hal::vulkan::instance] GENERAL [Loader Message (0x0)]
    	               Disable Env Var:  DISABLE_LAYER_NV_OPTIMUS_1
[2026-04-01T22:32:33Z INFO  wgpu_hal::vulkan::instance] 	objects: (type: INSTANCE, hndl: 0x2bb83709b40, name: ?)
[2026-04-01T22:32:33Z INFO  wgpu_hal::vulkan::instance] GENERAL [Loader Message (0x0)]
    	           Manifest: C:\WINDOWS\System32\DriverStore\FileRepository\nvami.inf_amd64_171f1746818db7fd\nv-vk64.json
[2026-04-01T22:32:33Z INFO  wgpu_hal::vulkan::instance] 	objects: (type: INSTANCE, hndl: 0x2bb83709b40, name: ?)
[2026-04-01T22:32:33Z INFO  wgpu_hal::vulkan::instance] GENERAL [Loader Message (0x0)]
    	           Library:  C:\WINDOWS\System32\DriverStore\FileRepository\nvami.inf_amd64_171f1746818db7fd\.\nvoglv64.dll
[2026-04-01T22:32:33Z INFO  wgpu_hal::vulkan::instance] 	objects: (type: INSTANCE, hndl: 0x2bb83709b40, name: ?)
[2026-04-01T22:32:33Z INFO  wgpu_hal::vulkan::instance] GENERAL [Loader Message (0x0)]
    	     ||
[2026-04-01T22:32:33Z INFO  wgpu_hal::vulkan::instance] 	objects: (type: INSTANCE, hndl: 0x2bb83709b40, name: ?)
[2026-04-01T22:32:33Z INFO  wgpu_hal::vulkan::instance] GENERAL [Loader Message (0x0)]
    	   VK_LAYER_NV_present
[2026-04-01T22:32:33Z INFO  wgpu_hal::vulkan::instance] 	objects: (type: INSTANCE, hndl: 0x2bb83709b40, name: ?)
[2026-04-01T22:32:33Z INFO  wgpu_hal::vulkan::instance] GENERAL [Loader Message (0x0)]
    	           Type: Implicit
[2026-04-01T22:32:33Z INFO  wgpu_hal::vulkan::instance] 	objects: (type: INSTANCE, hndl: 0x2bb83709b40, name: ?)
[2026-04-01T22:32:33Z INFO  wgpu_hal::vulkan::instance] GENERAL [Loader Message (0x0)]
    	           Enabled By: Implicit Layer
[2026-04-01T22:32:33Z INFO  wgpu_hal::vulkan::instance] 	objects: (type: INSTANCE, hndl: 0x2bb83709b40, name: ?)
[2026-04-01T22:32:33Z INFO  wgpu_hal::vulkan::instance] GENERAL [Loader Message (0x0)]
    	               Disable Env Var:  DISABLE_LAYER_NV_PRESENT_1
[2026-04-01T22:32:33Z INFO  wgpu_hal::vulkan::instance] 	objects: (type: INSTANCE, hndl: 0x2bb83709b40, name: ?)
[2026-04-01T22:32:33Z INFO  wgpu_hal::vulkan::instance] GENERAL [Loader Message (0x0)]
    	           Manifest: C:\WINDOWS\System32\DriverStore\FileRepository\nvami.inf_amd64_171f1746818db7fd\nv-vk64.json
[2026-04-01T22:32:33Z INFO  wgpu_hal::vulkan::instance] 	objects: (type: INSTANCE, hndl: 0x2bb83709b40, name: ?)
[2026-04-01T22:32:33Z INFO  wgpu_hal::vulkan::instance] GENERAL [Loader Message (0x0)]
    	           Library:  C:\WINDOWS\System32\DriverStore\FileRepository\nvami.inf_amd64_171f1746818db7fd\.\nvoglv64.dll
[2026-04-01T22:32:33Z INFO  wgpu_hal::vulkan::instance] 	objects: (type: INSTANCE, hndl: 0x2bb83709b40, name: ?)
[2026-04-01T22:32:33Z INFO  wgpu_hal::vulkan::instance] GENERAL [Loader Message (0x0)]
    	     ||
[2026-04-01T22:32:33Z INFO  wgpu_hal::vulkan::instance] 	objects: (type: INSTANCE, hndl: 0x2bb83709b40, name: ?)
[2026-04-01T22:32:33Z INFO  wgpu_hal::vulkan::instance] GENERAL [Loader Message (0x0)]
    	   <Device>
[2026-04-01T22:32:33Z INFO  wgpu_hal::vulkan::instance] 	objects: (type: INSTANCE, hndl: 0x2bb83709b40, name: ?)
[2026-04-01T22:32:33Z INFO  wgpu_hal::vulkan::instance] GENERAL [Loader Message (0x0)]
    	       Using "NVIDIA GeForce RTX 4060 Laptop GPU" with driver: "C:\WINDOWS\System32\DriverStore\FileRepository\nvami.inf_amd64_171f1746818db7fd\.\nvoglv64.dll"
[2026-04-01T22:32:33Z INFO  wgpu_hal::vulkan::instance] 	objects: (type: INSTANCE, hndl: 0x2bb83709b40, name: ?)
[2026-04-01T22:32:34Z INFO  naga::back::spv::writer] Skip function Some("fetch_from_gpu_cache_2_direct")
[2026-04-01T22:32:34Z INFO  naga::back::spv::writer] Skip function Some("fetch_from_gpu_cache_2_")
[2026-04-01T22:32:34Z INFO  naga::back::spv::writer] Skip function Some("fetch_from_gpu_cache_1_direct")
[2026-04-01T22:32:34Z INFO  naga::back::spv::writer] Skip function Some("fetch_from_gpu_cache_1_")
[2026-04-01T22:32:34Z INFO  naga::back::spv::writer] Skip function Some("fetch_from_gpu_cache_8_")
[2026-04-01T22:32:34Z INFO  naga::back::spv::writer] Skip function Some("fetch_from_gpu_cache_3_")
[2026-04-01T22:32:34Z INFO  naga::back::spv::writer] Skip function Some("fetch_from_gpu_cache_3_direct")
[2026-04-01T22:32:34Z INFO  naga::back::spv::writer] Skip function Some("fetch_from_gpu_cache_4_direct")
[2026-04-01T22:32:34Z INFO  naga::back::spv::writer] Skip function Some("fetch_from_gpu_cache_4_")
[2026-04-01T22:32:34Z INFO  naga::back::spv::writer] Skip function Some("fetch_image_source")
[2026-04-01T22:32:34Z INFO  naga::back::spv::writer] Skip function Some("fetch_image_source_direct")
[2026-04-01T22:32:34Z INFO  naga::back::spv::writer] Skip function Some("fetch_image_source_extra")
[2026-04-01T22:32:34Z INFO  naga::back::spv::writer] Skip function Some("rectangle_aa_vertex")
[2026-04-01T22:32:34Z INFO  naga::back::spv::writer] Skip function Some("fetch_transform")
[2026-04-01T22:32:34Z INFO  naga::back::spv::writer] Skip function Some("decode_instance_attributes")
[2026-04-01T22:32:34Z INFO  naga::back::spv::writer] Skip function Some("fetch_prim_header")
[2026-04-01T22:32:34Z INFO  naga::back::spv::writer] Skip function Some("clip_and_init_antialiasing")
[2026-04-01T22:32:34Z INFO  naga::back::spv::writer] Skip function Some("write_clip")
[2026-04-01T22:32:34Z INFO  naga::back::spv::writer] Skip function Some("get_image_quad_uv")
[2026-04-01T22:32:34Z INFO  naga::back::spv::writer] Skip function Some("fetch_from_gpu_cache_2_direct")
[2026-04-01T22:32:34Z INFO  naga::back::spv::writer] Skip function Some("fetch_from_gpu_cache_2_")
[2026-04-01T22:32:34Z INFO  naga::back::spv::writer] Skip function Some("fetch_from_gpu_cache_1_direct")
[2026-04-01T22:32:34Z INFO  naga::back::spv::writer] Skip function Some("fetch_from_gpu_cache_1_")
[2026-04-01T22:32:34Z INFO  naga::back::spv::writer] Skip function Some("has_valid_transform_bounds")
[2026-04-01T22:32:34Z INFO  naga::back::spv::writer] Skip function Some("rectangle_aa_fragment")
[2026-04-01T22:32:34Z INFO  naga::back::spv::writer] Skip function Some("rectangle_aa_rough_fragment")
[2026-04-01T22:32:34Z INFO  naga::back::spv::writer] Skip function Some("do_clip")
[2026-04-01T22:32:34Z INFO  naga::back::spv::writer] Skip function Some("fetch_render_task_data")
[2026-04-01T22:32:34Z INFO  naga::back::spv::writer] Skip function Some("fetch_render_task_rect")
[2026-04-01T22:32:34Z INFO  naga::back::spv::writer] Skip function Some("fetch_picture_task")
[2026-04-01T22:32:34Z INFO  naga::back::spv::writer] Skip function Some("fetch_clip_area")
[2026-04-01T22:32:34Z INFO  naga::back::spv::writer] Skip function Some("fetch_from_gpu_cache_2_direct")
[2026-04-01T22:32:34Z INFO  naga::back::spv::writer] Skip function Some("fetch_from_gpu_cache_2_")
[2026-04-01T22:32:34Z INFO  naga::back::spv::writer] Skip function Some("fetch_from_gpu_cache_1_direct")
[2026-04-01T22:32:34Z INFO  naga::back::spv::writer] Skip function Some("fetch_from_gpu_cache_1_")
[2026-04-01T22:32:34Z INFO  naga::back::spv::writer] Skip function Some("fetch_from_gpu_cache_8_")
[2026-04-01T22:32:34Z INFO  naga::back::spv::writer] Skip function Some("fetch_from_gpu_cache_3_")
[2026-04-01T22:32:34Z INFO  naga::back::spv::writer] Skip function Some("fetch_from_gpu_cache_3_direct")
[2026-04-01T22:32:34Z INFO  naga::back::spv::writer] Skip function Some("fetch_from_gpu_cache_4_direct")
[2026-04-01T22:32:34Z INFO  naga::back::spv::writer] Skip function Some("fetch_from_gpu_cache_4_")
[2026-04-01T22:32:34Z INFO  naga::back::spv::writer] Skip function Some("fetch_image_source")
[2026-04-01T22:32:34Z INFO  naga::back::spv::writer] Skip function Some("fetch_image_source_direct")
[2026-04-01T22:32:34Z INFO  naga::back::spv::writer] Skip function Some("fetch_image_source_extra")
[2026-04-01T22:32:34Z INFO  naga::back::spv::writer] Skip function Some("fetch_from_gpu_buffer_1f")
[2026-04-01T22:32:34Z INFO  naga::back::spv::writer] Skip function Some("fetch_from_gpu_buffer_2f")
[2026-04-01T22:32:34Z INFO  naga::back::spv::writer] Skip function Some("fetch_from_gpu_buffer_3f")
[2026-04-01T22:32:34Z INFO  naga::back::spv::writer] Skip function Some("fetch_from_gpu_buffer_4f")
[2026-04-01T22:32:34Z INFO  naga::back::spv::writer] Skip function Some("fetch_from_gpu_buffer_5f")
[2026-04-01T22:32:34Z INFO  naga::back::spv::writer] Skip function Some("fetch_from_gpu_buffer_1i")
[2026-04-01T22:32:34Z INFO  naga::back::spv::writer] Skip function Some("fetch_from_gpu_cache_2_direct")
[2026-04-01T22:32:34Z INFO  naga::back::spv::writer] Skip function Some("fetch_from_gpu_cache_2_")
[2026-04-01T22:32:34Z INFO  naga::back::spv::writer] Skip function Some("fetch_from_gpu_cache_1_direct")
[2026-04-01T22:32:34Z INFO  naga::back::spv::writer] Skip function Some("fetch_from_gpu_cache_1_")
[2026-04-01T22:32:34Z INFO  naga::back::spv::writer] Skip function Some("fetch_from_gpu_buffer_1i")
[2026-04-01T22:32:34Z INFO  naga::back::spv::writer] Skip function Some("write_clip")
[2026-04-01T22:32:34Z INFO  naga::back::spv::writer] Skip function Some("fetch_from_gpu_cache_2_direct")
[2026-04-01T22:32:34Z INFO  naga::back::spv::writer] Skip function Some("fetch_from_gpu_cache_2_")
[2026-04-01T22:32:34Z INFO  naga::back::spv::writer] Skip function Some("fetch_from_gpu_cache_1_direct")
[2026-04-01T22:32:34Z INFO  naga::back::spv::writer] Skip function Some("fetch_from_gpu_cache_1_")
[2026-04-01T22:32:34Z INFO  naga::back::spv::writer] Skip function Some("has_valid_transform_bounds")
[2026-04-01T22:32:34Z INFO  naga::back::spv::writer] Skip function Some("rectangle_aa_fragment")
[2026-04-01T22:32:34Z INFO  naga::back::spv::writer] Skip function Some("rectangle_aa_rough_fragment")
[2026-04-01T22:32:34Z INFO  naga::back::spv::writer] Skip function Some("do_clip")
[2026-04-01T22:32:34Z INFO  naga::back::spv::writer] Skip function Some("ComponentTransfer")
[2026-04-01T22:32:34Z INFO  naga::back::spv::writer] Skip function Some("CalculateFilter")
[2026-04-01T22:32:34Z INFO  naga::back::spv::writer] Skip function Some("brush_fs")
[2026-04-01T22:32:34Z INFO  naga::back::spv::writer] Skip function Some("fetch_from_gpu_buffer_1i")
[2026-04-01T22:32:34Z INFO  naga::back::spv::writer] Skip function Some("fetch_from_gpu_cache_2_direct")
[2026-04-01T22:32:34Z INFO  naga::back::spv::writer] Skip function Some("fetch_from_gpu_cache_2_")
[2026-04-01T22:32:34Z INFO  naga::back::spv::writer] Skip function Some("fetch_from_gpu_cache_1_direct")
[2026-04-01T22:32:34Z INFO  naga::back::spv::writer] Skip function Some("fetch_from_gpu_cache_1_")
[2026-04-01T22:32:34Z INFO  naga::back::spv::writer] Skip function Some("write_clip")
[2026-04-01T22:32:34Z INFO  naga::back::spv::writer] Skip function Some("fetch_from_gpu_cache_2_direct")
[2026-04-01T22:32:34Z INFO  naga::back::spv::writer] Skip function Some("fetch_from_gpu_cache_2_")
[2026-04-01T22:32:34Z INFO  naga::back::spv::writer] Skip function Some("fetch_from_gpu_cache_1_direct")
[2026-04-01T22:32:34Z INFO  naga::back::spv::writer] Skip function Some("fetch_from_gpu_cache_1_")
[2026-04-01T22:32:34Z INFO  naga::back::spv::writer] Skip function Some("has_valid_transform_bounds")
[2026-04-01T22:32:34Z INFO  naga::back::spv::writer] Skip function Some("rectangle_aa_fragment")
[2026-04-01T22:32:34Z INFO  naga::back::spv::writer] Skip function Some("rectangle_aa_rough_fragment")
[2026-04-01T22:32:34Z INFO  naga::back::spv::writer] Skip function Some("do_clip")
[2026-04-01T22:32:34Z INFO  naga::back::spv::writer] Skip function Some("antialias_brush")
[2026-04-01T22:32:34Z INFO  naga::back::spv::writer] Skip function Some("fetch_from_gpu_buffer_1i")
[2026-04-01T22:32:34Z INFO  naga::back::spv::writer] Skip function Some("write_clip")
[2026-04-01T22:32:34Z INFO  naga::back::spv::writer] Skip function Some("fetch_from_gpu_cache_2_direct")
[2026-04-01T22:32:34Z INFO  naga::back::spv::writer] Skip function Some("fetch_from_gpu_cache_2_")
[2026-04-01T22:32:34Z INFO  naga::back::spv::writer] Skip function Some("fetch_from_gpu_cache_1_direct")
[2026-04-01T22:32:34Z INFO  naga::back::spv::writer] Skip function Some("fetch_from_gpu_cache_1_")
[2026-04-01T22:32:34Z INFO  naga::back::spv::writer] Skip function Some("has_valid_transform_bounds")
[2026-04-01T22:32:34Z INFO  naga::back::spv::writer] Skip function Some("rectangle_aa_fragment")
[2026-04-01T22:32:34Z INFO  naga::back::spv::writer] Skip function Some("rectangle_aa_rough_fragment")
[2026-04-01T22:32:34Z INFO  naga::back::spv::writer] Skip function Some("do_clip")
[2026-04-01T22:32:34Z INFO  naga::back::spv::writer] Skip function Some("fetch_from_gpu_cache_2_direct")
[2026-04-01T22:32:34Z INFO  naga::back::spv::writer] Skip function Some("fetch_from_gpu_cache_2_")
[2026-04-01T22:32:34Z INFO  naga::back::spv::writer] Skip function Some("fetch_from_gpu_cache_1_direct")
[2026-04-01T22:32:34Z INFO  naga::back::spv::writer] Skip function Some("fetch_from_gpu_cache_1_")
[2026-04-01T22:32:34Z INFO  naga::back::spv::writer] Skip function Some("write_clip")
[2026-04-01T22:32:34Z INFO  naga::back::spv::writer] Skip function Some("fetch_from_gpu_cache_2_direct")
[2026-04-01T22:32:34Z INFO  naga::back::spv::writer] Skip function Some("fetch_from_gpu_cache_2_")
[2026-04-01T22:32:34Z INFO  naga::back::spv::writer] Skip function Some("fetch_from_gpu_cache_1_direct")
[2026-04-01T22:32:34Z INFO  naga::back::spv::writer] Skip function Some("fetch_from_gpu_cache_1_")
[2026-04-01T22:32:34Z INFO  naga::back::spv::writer] Skip function Some("has_valid_transform_bounds")
[2026-04-01T22:32:34Z INFO  naga::back::spv::writer] Skip function Some("rectangle_aa_fragment")
[2026-04-01T22:32:34Z INFO  naga::back::spv::writer] Skip function Some("rectangle_aa_rough_fragment")
[2026-04-01T22:32:34Z INFO  naga::back::spv::writer] Skip function Some("do_clip")
[2026-04-01T22:32:34Z INFO  naga::back::spv::writer] Skip function Some("brush_fs")
[2026-04-01T22:32:34Z INFO  naga::back::spv::writer] Skip function Some("write_clip")
[2026-04-01T22:32:34Z INFO  naga::back::spv::writer] Skip function Some("fetch_from_gpu_cache_2_direct")
[2026-04-01T22:32:34Z INFO  naga::back::spv::writer] Skip function Some("fetch_from_gpu_cache_2_")
[2026-04-01T22:32:34Z INFO  naga::back::spv::writer] Skip function Some("fetch_from_gpu_cache_1_direct")
[2026-04-01T22:32:34Z INFO  naga::back::spv::writer] Skip function Some("fetch_from_gpu_cache_1_")
[2026-04-01T22:32:34Z INFO  naga::back::spv::writer] Skip function Some("has_valid_transform_bounds")
[2026-04-01T22:32:34Z INFO  naga::back::spv::writer] Skip function Some("rectangle_aa_fragment")
[2026-04-01T22:32:34Z INFO  naga::back::spv::writer] Skip function Some("rectangle_aa_rough_fragment")
[2026-04-01T22:32:34Z INFO  naga::back::spv::writer] Skip function Some("do_clip")
[2026-04-01T22:32:34Z INFO  naga::back::spv::writer] Skip function Some("brush_fs")
[2026-04-01T22:32:34Z INFO  naga::back::spv::writer] Skip function Some("fetch_render_task_data")
[2026-04-01T22:32:34Z INFO  naga::back::spv::writer] Skip function Some("fetch_render_task_rect")
[2026-04-01T22:32:34Z INFO  naga::back::spv::writer] Skip function Some("fetch_picture_task")
[2026-04-01T22:32:34Z INFO  naga::back::spv::writer] Skip function Some("fetch_clip_area")
[2026-04-01T22:32:34Z INFO  naga::back::spv::writer] Skip function Some("fetch_from_gpu_cache_2_direct")
[2026-04-01T22:32:34Z INFO  naga::back::spv::writer] Skip function Some("fetch_from_gpu_cache_2_")
[2026-04-01T22:32:34Z INFO  naga::back::spv::writer] Skip function Some("fetch_from_gpu_cache_1_direct")
[2026-04-01T22:32:34Z INFO  naga::back::spv::writer] Skip function Some("fetch_from_gpu_cache_1_")
[2026-04-01T22:32:34Z INFO  naga::back::spv::writer] Skip function Some("fetch_from_gpu_cache_8_")
[2026-04-01T22:32:34Z INFO  naga::back::spv::writer] Skip function Some("fetch_from_gpu_cache_3_")
[2026-04-01T22:32:34Z INFO  naga::back::spv::writer] Skip function Some("fetch_from_gpu_cache_3_direct")
[2026-04-01T22:32:34Z INFO  naga::back::spv::writer] Skip function Some("fetch_from_gpu_cache_4_direct")
[2026-04-01T22:32:34Z INFO  naga::back::spv::writer] Skip function Some("fetch_from_gpu_cache_4_")
[2026-04-01T22:32:34Z INFO  naga::back::spv::writer] Skip function Some("fetch_image_source")
[2026-04-01T22:32:34Z INFO  naga::back::spv::writer] Skip function Some("fetch_image_source_direct")
[2026-04-01T22:32:34Z INFO  naga::back::spv::writer] Skip function Some("fetch_image_source_extra")
[2026-04-01T22:32:34Z INFO  naga::back::spv::writer] Skip function Some("fetch_from_gpu_cache_2_direct")
[2026-04-01T22:32:34Z INFO  naga::back::spv::writer] Skip function Some("fetch_from_gpu_cache_2_")
[2026-04-01T22:32:34Z INFO  naga::back::spv::writer] Skip function Some("fetch_from_gpu_cache_1_direct")
[2026-04-01T22:32:34Z INFO  naga::back::spv::writer] Skip function Some("fetch_from_gpu_cache_1_")
[2026-04-01T22:32:34Z INFO  naga::back::spv::writer] Skip function Some("has_valid_transform_bounds")
[2026-04-01T22:32:34Z INFO  naga::back::spv::writer] Skip function Some("rectangle_aa_fragment")
[2026-04-01T22:32:34Z INFO  naga::back::spv::writer] Skip function Some("rectangle_aa_rough_fragment")
[2026-04-01T22:32:34Z INFO  naga::back::spv::writer] Skip function Some("fetch_from_gpu_buffer_1f")
[2026-04-01T22:32:34Z INFO  naga::back::spv::writer] Skip function Some("fetch_from_gpu_buffer_2f")
[2026-04-01T22:32:34Z INFO  naga::back::spv::writer] Skip function Some("fetch_from_gpu_buffer_3f")
[2026-04-01T22:32:34Z INFO  naga::back::spv::writer] Skip function Some("fetch_from_gpu_buffer_4f")
[2026-04-01T22:32:34Z INFO  naga::back::spv::writer] Skip function Some("fetch_from_gpu_buffer_5f")
[2026-04-01T22:32:34Z INFO  naga::back::spv::writer] Skip function Some("fetch_from_gpu_buffer_1i")
[2026-04-01T22:32:34Z INFO  naga::back::spv::writer] Skip function Some("rectangle_aa_vertex")
[2026-04-01T22:32:34Z INFO  naga::back::spv::writer] Skip function Some("clip_and_init_antialiasing")
[2026-04-01T22:32:34Z INFO  naga::back::spv::writer] Skip function Some("fetch_from_gpu_cache_2_direct")
[2026-04-01T22:32:34Z INFO  naga::back::spv::writer] Skip function Some("fetch_from_gpu_cache_2_")
[2026-04-01T22:32:34Z INFO  naga::back::spv::writer] Skip function Some("fetch_from_gpu_cache_1_direct")
[2026-04-01T22:32:34Z INFO  naga::back::spv::writer] Skip function Some("fetch_from_gpu_cache_1_")
[2026-04-01T22:32:34Z INFO  naga::back::spv::writer] Skip function Some("has_valid_transform_bounds")
[2026-04-01T22:32:34Z INFO  naga::back::spv::writer] Skip function Some("rectangle_aa_fragment")
[2026-04-01T22:32:34Z INFO  naga::back::spv::writer] Skip function Some("rectangle_aa_rough_fragment")
[2026-04-01T22:32:34Z INFO  naga::back::spv::writer] Skip function Some("fetch_render_task_data")
[2026-04-01T22:32:34Z INFO  naga::back::spv::writer] Skip function Some("fetch_render_task_rect")
[2026-04-01T22:32:34Z INFO  naga::back::spv::writer] Skip function Some("fetch_picture_task")
[2026-04-01T22:32:34Z INFO  naga::back::spv::writer] Skip function Some("fetch_clip_area")
[2026-04-01T22:32:34Z INFO  naga::back::spv::writer] Skip function Some("fetch_from_gpu_cache_2_direct")
[2026-04-01T22:32:34Z INFO  naga::back::spv::writer] Skip function Some("fetch_from_gpu_cache_2_")
[2026-04-01T22:32:34Z INFO  naga::back::spv::writer] Skip function Some("fetch_from_gpu_cache_1_direct")
[2026-04-01T22:32:34Z INFO  naga::back::spv::writer] Skip function Some("fetch_from_gpu_cache_1_")
[2026-04-01T22:32:34Z INFO  naga::back::spv::writer] Skip function Some("fetch_from_gpu_cache_8_")
[2026-04-01T22:32:34Z INFO  naga::back::spv::writer] Skip function Some("fetch_from_gpu_cache_3_")
[2026-04-01T22:32:34Z INFO  naga::back::spv::writer] Skip function Some("fetch_from_gpu_cache_3_direct")
[2026-04-01T22:32:34Z INFO  naga::back::spv::writer] Skip function Some("fetch_from_gpu_cache_4_direct")
[2026-04-01T22:32:34Z INFO  naga::back::spv::writer] Skip function Some("fetch_from_gpu_cache_4_")
[2026-04-01T22:32:34Z INFO  naga::back::spv::writer] Skip function Some("fetch_image_source")
[2026-04-01T22:32:34Z INFO  naga::back::spv::writer] Skip function Some("fetch_image_source_direct")
[2026-04-01T22:32:34Z INFO  naga::back::spv::writer] Skip function Some("fetch_image_source_extra")
[2026-04-01T22:32:34Z INFO  naga::back::spv::writer] Skip function Some("fetch_from_gpu_buffer_1f")
[2026-04-01T22:32:34Z INFO  naga::back::spv::writer] Skip function Some("fetch_from_gpu_buffer_2f")
[2026-04-01T22:32:34Z INFO  naga::back::spv::writer] Skip function Some("fetch_from_gpu_buffer_3f")
[2026-04-01T22:32:34Z INFO  naga::back::spv::writer] Skip function Some("fetch_from_gpu_buffer_4f")
[2026-04-01T22:32:34Z INFO  naga::back::spv::writer] Skip function Some("fetch_from_gpu_buffer_5f")
[2026-04-01T22:32:34Z INFO  naga::back::spv::writer] Skip function Some("fetch_from_gpu_buffer_1i")
[2026-04-01T22:32:34Z INFO  naga::back::spv::writer] Skip function Some("fetch_from_gpu_cache_2_direct")
[2026-04-01T22:32:34Z INFO  naga::back::spv::writer] Skip function Some("fetch_from_gpu_cache_2_")
[2026-04-01T22:32:34Z INFO  naga::back::spv::writer] Skip function Some("fetch_from_gpu_cache_1_direct")
[2026-04-01T22:32:34Z INFO  naga::back::spv::writer] Skip function Some("fetch_from_gpu_cache_1_")
[2026-04-01T22:32:34Z INFO  naga::back::spv::writer] Skip function Some("fetch_from_gpu_buffer_1i")
[2026-04-01T22:32:34Z INFO  naga::back::spv::writer] Skip function Some("write_clip")
[2026-04-01T22:32:34Z INFO  naga::back::spv::writer] Skip function Some("fetch_from_gpu_cache_2_direct")
[2026-04-01T22:32:34Z INFO  naga::back::spv::writer] Skip function Some("fetch_from_gpu_cache_2_")
[2026-04-01T22:32:34Z INFO  naga::back::spv::writer] Skip function Some("fetch_from_gpu_cache_1_direct")
[2026-04-01T22:32:34Z INFO  naga::back::spv::writer] Skip function Some("fetch_from_gpu_cache_1_")
[2026-04-01T22:32:34Z INFO  naga::back::spv::writer] Skip function Some("has_valid_transform_bounds")
[2026-04-01T22:32:34Z INFO  naga::back::spv::writer] Skip function Some("rectangle_aa_fragment")
[2026-04-01T22:32:34Z INFO  naga::back::spv::writer] Skip function Some("rectangle_aa_rough_fragment")
[2026-04-01T22:32:34Z INFO  naga::back::spv::writer] Skip function Some("do_clip")
[2026-04-01T22:32:35Z INFO  naga::back::spv::writer] Skip function Some("write_clip")
[2026-04-01T22:32:35Z INFO  naga::back::spv::writer] Skip function Some("has_valid_transform_bounds")
[2026-04-01T22:32:35Z INFO  naga::back::spv::writer] Skip function Some("rectangle_aa_fragment")
[2026-04-01T22:32:35Z INFO  naga::back::spv::writer] Skip function Some("rectangle_aa_rough_fragment")
[2026-04-01T22:32:35Z INFO  naga::back::spv::writer] Skip function Some("do_clip")
[2026-04-01T22:32:35Z INFO  naga::back::spv::writer] Skip function Some("fetch_from_gpu_cache_2_direct")
[2026-04-01T22:32:35Z INFO  naga::back::spv::writer] Skip function Some("fetch_from_gpu_cache_2_")
[2026-04-01T22:32:35Z INFO  naga::back::spv::writer] Skip function Some("fetch_from_gpu_cache_1_direct")
[2026-04-01T22:32:35Z INFO  naga::back::spv::writer] Skip function Some("fetch_from_gpu_cache_1_")
[2026-04-01T22:32:35Z INFO  naga::back::spv::writer] Skip function Some("has_valid_transform_bounds")
[2026-04-01T22:32:35Z INFO  naga::back::spv::writer] Skip function Some("rectangle_aa_fragment")
[2026-04-01T22:32:35Z INFO  naga::back::spv::writer] Skip function Some("rectangle_aa_rough_fragment")
[2026-04-01T22:32:35Z INFO  naga::back::spv::writer] Skip function Some("antialias_brush")
[2026-04-01T22:32:35Z INFO  naga::back::spv::writer] Skip function Some("write_clip")
[2026-04-01T22:32:35Z INFO  naga::back::spv::writer] Skip function Some("fetch_from_gpu_cache_2_direct")
[2026-04-01T22:32:35Z INFO  naga::back::spv::writer] Skip function Some("fetch_from_gpu_cache_2_")
[2026-04-01T22:32:35Z INFO  naga::back::spv::writer] Skip function Some("fetch_from_gpu_cache_1_direct")
[2026-04-01T22:32:35Z INFO  naga::back::spv::writer] Skip function Some("fetch_from_gpu_cache_1_")
[2026-04-01T22:32:35Z INFO  naga::back::spv::writer] Skip function Some("has_valid_transform_bounds")
[2026-04-01T22:32:35Z INFO  naga::back::spv::writer] Skip function Some("rectangle_aa_fragment")
[2026-04-01T22:32:35Z INFO  naga::back::spv::writer] Skip function Some("rectangle_aa_rough_fragment")
[2026-04-01T22:32:35Z INFO  naga::back::spv::writer] Skip function Some("do_clip")
[2026-04-01T22:32:35Z INFO  naga::back::spv::writer] Skip function Some("rectangle_aa_vertex")
[2026-04-01T22:32:35Z INFO  naga::back::spv::writer] Skip function Some("fetch_transform")
[2026-04-01T22:32:35Z INFO  naga::back::spv::writer] Skip function Some("decode_instance_attributes")
[2026-04-01T22:32:35Z INFO  naga::back::spv::writer] Skip function Some("fetch_prim_header")
[2026-04-01T22:32:35Z INFO  naga::back::spv::writer] Skip function Some("clip_and_init_antialiasing")
[2026-04-01T22:32:35Z INFO  naga::back::spv::writer] Skip function Some("write_clip")
[2026-04-01T22:32:35Z INFO  naga::back::spv::writer] Skip function Some("has_valid_transform_bounds")
[2026-04-01T22:32:35Z INFO  naga::back::spv::writer] Skip function Some("rectangle_aa_fragment")
[2026-04-01T22:32:35Z INFO  naga::back::spv::writer] Skip function Some("rectangle_aa_rough_fragment")
[2026-04-01T22:32:35Z INFO  naga::back::spv::writer] Skip function Some("do_clip")
[2026-04-01T22:32:35Z INFO  naga::back::spv::writer] Skip function Some("rectangle_aa_vertex")
[2026-04-01T22:32:35Z INFO  naga::back::spv::writer] Skip function Some("clip_and_init_antialiasing")
[2026-04-01T22:32:35Z INFO  naga::back::spv::writer] Skip function Some("fetch_from_gpu_cache_2_direct")
[2026-04-01T22:32:35Z INFO  naga::back::spv::writer] Skip function Some("fetch_from_gpu_cache_2_")
[2026-04-01T22:32:35Z INFO  naga::back::spv::writer] Skip function Some("fetch_from_gpu_cache_1_direct")
[2026-04-01T22:32:35Z INFO  naga::back::spv::writer] Skip function Some("fetch_from_gpu_cache_1_")
[2026-04-01T22:32:35Z INFO  naga::back::spv::writer] Skip function Some("has_valid_transform_bounds")
[2026-04-01T22:32:35Z INFO  naga::back::spv::writer] Skip function Some("rectangle_aa_fragment")
[2026-04-01T22:32:35Z INFO  naga::back::spv::writer] Skip function Some("rectangle_aa_rough_fragment")
[2026-04-01T22:32:35Z INFO  naga::back::spv::writer] Skip function Some("write_clip")
[2026-04-01T22:32:35Z INFO  naga::back::spv::writer] Skip function Some("fetch_from_gpu_cache_2_direct")
[2026-04-01T22:32:35Z INFO  naga::back::spv::writer] Skip function Some("fetch_from_gpu_cache_2_")
[2026-04-01T22:32:35Z INFO  naga::back::spv::writer] Skip function Some("fetch_from_gpu_cache_1_direct")
[2026-04-01T22:32:35Z INFO  naga::back::spv::writer] Skip function Some("fetch_from_gpu_cache_1_")
[2026-04-01T22:32:35Z INFO  naga::back::spv::writer] Skip function Some("has_valid_transform_bounds")
[2026-04-01T22:32:35Z INFO  naga::back::spv::writer] Skip function Some("rectangle_aa_fragment")
[2026-04-01T22:32:35Z INFO  naga::back::spv::writer] Skip function Some("rectangle_aa_rough_fragment")
[2026-04-01T22:32:35Z INFO  naga::back::spv::writer] Skip function Some("do_clip")
[2026-04-01T22:32:35Z INFO  naga::back::spv::writer] Skip function Some("antialias_brush")
[2026-04-01T22:32:35Z INFO  naga::back::spv::writer] Skip function Some("brush_fs")
[2026-04-01T22:32:35Z INFO  naga::back::spv::writer] Skip function Some("write_clip")
[2026-04-01T22:32:35Z INFO  naga::back::spv::writer] Skip function Some("fetch_from_gpu_cache_2_direct")
[2026-04-01T22:32:35Z INFO  naga::back::spv::writer] Skip function Some("fetch_from_gpu_cache_2_")
[2026-04-01T22:32:35Z INFO  naga::back::spv::writer] Skip function Some("fetch_from_gpu_cache_1_direct")
[2026-04-01T22:32:35Z INFO  naga::back::spv::writer] Skip function Some("fetch_from_gpu_cache_1_")
[2026-04-01T22:32:35Z INFO  naga::back::spv::writer] Skip function Some("has_valid_transform_bounds")
[2026-04-01T22:32:35Z INFO  naga::back::spv::writer] Skip function Some("rectangle_aa_fragment")
[2026-04-01T22:32:35Z INFO  naga::back::spv::writer] Skip function Some("rectangle_aa_rough_fragment")
[2026-04-01T22:32:35Z INFO  naga::back::spv::writer] Skip function Some("do_clip")
[2026-04-01T22:32:35Z INFO  naga::back::spv::writer] Skip function Some("brush_fs")
[2026-04-01T22:32:35Z INFO  naga::back::spv::writer] Skip function Some("write_clip")
[2026-04-01T22:32:35Z INFO  naga::back::spv::writer] Skip function Some("fetch_from_gpu_cache_2_direct")
[2026-04-01T22:32:35Z INFO  naga::back::spv::writer] Skip function Some("fetch_from_gpu_cache_2_")
[2026-04-01T22:32:35Z INFO  naga::back::spv::writer] Skip function Some("fetch_from_gpu_cache_1_direct")
[2026-04-01T22:32:35Z INFO  naga::back::spv::writer] Skip function Some("fetch_from_gpu_cache_1_")
[2026-04-01T22:32:35Z INFO  naga::back::spv::writer] Skip function Some("has_valid_transform_bounds")
[2026-04-01T22:32:35Z INFO  naga::back::spv::writer] Skip function Some("rectangle_aa_fragment")
[2026-04-01T22:32:35Z INFO  naga::back::spv::writer] Skip function Some("rectangle_aa_rough_fragment")
[2026-04-01T22:32:35Z INFO  naga::back::spv::writer] Skip function Some("do_clip")
[2026-04-01T22:32:35Z INFO  naga::back::spv::writer] Skip function Some("antialias_brush")
[2026-04-01T22:32:35Z INFO  naga::back::spv::writer] Skip function Some("compute_repeated_uvs")
[2026-04-01T22:32:35Z INFO  naga::back::spv::writer] Skip function Some("brush_fs")
[2026-04-01T22:32:35Z INFO  naga::back::spv::writer] Skip function Some("write_clip")
[2026-04-01T22:32:35Z INFO  naga::back::spv::writer] Skip function Some("fetch_from_gpu_cache_2_direct")
[2026-04-01T22:32:35Z INFO  naga::back::spv::writer] Skip function Some("fetch_from_gpu_cache_2_")
[2026-04-01T22:32:35Z INFO  naga::back::spv::writer] Skip function Some("fetch_from_gpu_cache_1_direct")
[2026-04-01T22:32:35Z INFO  naga::back::spv::writer] Skip function Some("fetch_from_gpu_cache_1_")
[2026-04-01T22:32:35Z INFO  naga::back::spv::writer] Skip function Some("has_valid_transform_bounds")
[2026-04-01T22:32:35Z INFO  naga::back::spv::writer] Skip function Some("rectangle_aa_fragment")
[2026-04-01T22:32:35Z INFO  naga::back::spv::writer] Skip function Some("rectangle_aa_rough_fragment")
[2026-04-01T22:32:35Z INFO  naga::back::spv::writer] Skip function Some("do_clip")
[2026-04-01T22:32:35Z INFO  naga::back::spv::writer] Skip function Some("compute_repeated_uvs")
[2026-04-01T22:32:35Z INFO  naga::back::spv::writer] Skip function Some("brush_fs")
[2026-04-01T22:32:35Z INFO  naga::back::spv::writer] Skip function Some("fetch_from_gpu_buffer_1f")
[2026-04-01T22:32:35Z INFO  naga::back::spv::writer] Skip function Some("fetch_from_gpu_buffer_2f")
[2026-04-01T22:32:35Z INFO  naga::back::spv::writer] Skip function Some("fetch_from_gpu_buffer_3f")
[2026-04-01T22:32:35Z INFO  naga::back::spv::writer] Skip function Some("fetch_from_gpu_buffer_4f")
[2026-04-01T22:32:35Z INFO  naga::back::spv::writer] Skip function Some("fetch_from_gpu_buffer_5f")
[2026-04-01T22:32:35Z INFO  naga::back::spv::writer] Skip function Some("fetch_from_gpu_buffer_1i")
[2026-04-01T22:32:35Z INFO  naga::back::spv::writer] Skip function Some("write_clip")
[2026-04-01T22:32:35Z INFO  naga::back::spv::writer] Skip function Some("fetch_from_gpu_buffer_1f")
[2026-04-01T22:32:35Z INFO  naga::back::spv::writer] Skip function Some("fetch_from_gpu_buffer_2f")
[2026-04-01T22:32:35Z INFO  naga::back::spv::writer] Skip function Some("fetch_from_gpu_buffer_3f")
[2026-04-01T22:32:35Z INFO  naga::back::spv::writer] Skip function Some("fetch_from_gpu_buffer_4f")
[2026-04-01T22:32:35Z INFO  naga::back::spv::writer] Skip function Some("fetch_from_gpu_buffer_5f")
[2026-04-01T22:32:35Z INFO  naga::back::spv::writer] Skip function Some("fetch_from_gpu_buffer_1i")
[2026-04-01T22:32:35Z INFO  naga::back::spv::writer] Skip function Some("fetch_from_gpu_cache_2_direct")
[2026-04-01T22:32:35Z INFO  naga::back::spv::writer] Skip function Some("fetch_from_gpu_cache_2_")
[2026-04-01T22:32:35Z INFO  naga::back::spv::writer] Skip function Some("fetch_from_gpu_cache_1_direct")
[2026-04-01T22:32:35Z INFO  naga::back::spv::writer] Skip function Some("fetch_from_gpu_cache_1_")
[2026-04-01T22:32:35Z INFO  naga::back::spv::writer] Skip function Some("has_valid_transform_bounds")
[2026-04-01T22:32:35Z INFO  naga::back::spv::writer] Skip function Some("rectangle_aa_fragment")
[2026-04-01T22:32:35Z INFO  naga::back::spv::writer] Skip function Some("rectangle_aa_rough_fragment")
[2026-04-01T22:32:35Z INFO  naga::back::spv::writer] Skip function Some("do_clip")
[2026-04-01T22:32:35Z INFO  naga::back::spv::writer] Skip function Some("fetch_from_gpu_buffer_1f")
[2026-04-01T22:32:35Z INFO  naga::back::spv::writer] Skip function Some("fetch_from_gpu_buffer_2f")
[2026-04-01T22:32:35Z INFO  naga::back::spv::writer] Skip function Some("fetch_from_gpu_buffer_3f")
[2026-04-01T22:32:35Z INFO  naga::back::spv::writer] Skip function Some("fetch_from_gpu_buffer_4f")
[2026-04-01T22:32:35Z INFO  naga::back::spv::writer] Skip function Some("fetch_from_gpu_buffer_5f")
[2026-04-01T22:32:35Z INFO  naga::back::spv::writer] Skip function Some("fetch_from_gpu_buffer_1i")
[2026-04-01T22:32:35Z INFO  naga::back::spv::writer] Skip function Some("dither")
[2026-04-01T22:32:35Z INFO  naga::back::spv::writer] Skip function Some("sample_gradient")
[2026-04-01T22:32:35Z INFO  naga::back::spv::writer] Skip function Some("compute_repeated_pos")
[2026-04-01T22:32:35Z INFO  naga::back::spv::writer] Skip function Some("get_gradient_offset")
[2026-04-01T22:32:35Z INFO  naga::back::spv::writer] Skip function Some("brush_fs")
[2026-04-01T22:32:35Z INFO  naga::back::spv::writer] Skip function Some("fetch_render_task_data")
[2026-04-01T22:32:35Z INFO  naga::back::spv::writer] Skip function Some("fetch_render_task_rect")
[2026-04-01T22:32:35Z INFO  naga::back::spv::writer] Skip function Some("fetch_picture_task")
[2026-04-01T22:32:35Z INFO  naga::back::spv::writer] Skip function Some("fetch_clip_area")
[2026-04-01T22:32:35Z INFO  naga::back::spv::writer] Skip function Some("fetch_from_gpu_cache_2_direct")
[2026-04-01T22:32:35Z INFO  naga::back::spv::writer] Skip function Some("fetch_from_gpu_cache_2_")
[2026-04-01T22:32:35Z INFO  naga::back::spv::writer] Skip function Some("fetch_from_gpu_cache_1_direct")
[2026-04-01T22:32:35Z INFO  naga::back::spv::writer] Skip function Some("fetch_from_gpu_cache_1_")
[2026-04-01T22:32:35Z INFO  naga::back::spv::writer] Skip function Some("fetch_from_gpu_cache_8_")
[2026-04-01T22:32:35Z INFO  naga::back::spv::writer] Skip function Some("fetch_from_gpu_cache_3_")
[2026-04-01T22:32:35Z INFO  naga::back::spv::writer] Skip function Some("fetch_from_gpu_cache_3_direct")
[2026-04-01T22:32:35Z INFO  naga::back::spv::writer] Skip function Some("fetch_from_gpu_cache_4_direct")
[2026-04-01T22:32:35Z INFO  naga::back::spv::writer] Skip function Some("fetch_from_gpu_cache_4_")
[2026-04-01T22:32:35Z INFO  naga::back::spv::writer] Skip function Some("fetch_image_source")
[2026-04-01T22:32:35Z INFO  naga::back::spv::writer] Skip function Some("fetch_image_source_direct")
[2026-04-01T22:32:35Z INFO  naga::back::spv::writer] Skip function Some("fetch_image_source_extra")
[2026-04-01T22:32:35Z INFO  naga::back::spv::writer] Skip function Some("fetch_from_gpu_buffer_1f")
[2026-04-01T22:32:35Z INFO  naga::back::spv::writer] Skip function Some("fetch_from_gpu_buffer_2f")
[2026-04-01T22:32:35Z INFO  naga::back::spv::writer] Skip function Some("fetch_from_gpu_buffer_3f")
[2026-04-01T22:32:35Z INFO  naga::back::spv::writer] Skip function Some("fetch_from_gpu_buffer_4f")
[2026-04-01T22:32:35Z INFO  naga::back::spv::writer] Skip function Some("fetch_from_gpu_buffer_5f")
[2026-04-01T22:32:35Z INFO  naga::back::spv::writer] Skip function Some("fetch_from_gpu_buffer_1i")
[2026-04-01T22:32:35Z INFO  naga::back::spv::writer] Skip function Some("fetch_from_gpu_cache_2_direct")
[2026-04-01T22:32:35Z INFO  naga::back::spv::writer] Skip function Some("fetch_from_gpu_cache_2_")
[2026-04-01T22:32:35Z INFO  naga::back::spv::writer] Skip function Some("fetch_from_gpu_cache_1_direct")
[2026-04-01T22:32:35Z INFO  naga::back::spv::writer] Skip function Some("fetch_from_gpu_cache_1_")
[2026-04-01T22:32:35Z INFO  naga::back::spv::writer] Skip function Some("fetch_from_gpu_buffer_1i")
[2026-04-01T22:32:35Z INFO  naga::back::spv::writer] Skip function Some("fetch_render_task_data")
[2026-04-01T22:32:35Z INFO  naga::back::spv::writer] Skip function Some("fetch_render_task_rect")
[2026-04-01T22:32:35Z INFO  naga::back::spv::writer] Skip function Some("fetch_picture_task")
[2026-04-01T22:32:35Z INFO  naga::back::spv::writer] Skip function Some("fetch_clip_area")
[2026-04-01T22:32:35Z INFO  naga::back::spv::writer] Skip function Some("fetch_from_gpu_cache_2_direct")
[2026-04-01T22:32:35Z INFO  naga::back::spv::writer] Skip function Some("fetch_from_gpu_cache_2_")
[2026-04-01T22:32:35Z INFO  naga::back::spv::writer] Skip function Some("fetch_from_gpu_cache_1_direct")
[2026-04-01T22:32:35Z INFO  naga::back::spv::writer] Skip function Some("fetch_from_gpu_cache_1_")
[2026-04-01T22:32:35Z INFO  naga::back::spv::writer] Skip function Some("fetch_from_gpu_cache_8_")
[2026-04-01T22:32:35Z INFO  naga::back::spv::writer] Skip function Some("fetch_from_gpu_cache_3_")
[2026-04-01T22:32:35Z INFO  naga::back::spv::writer] Skip function Some("fetch_from_gpu_cache_3_direct")
[2026-04-01T22:32:35Z INFO  naga::back::spv::writer] Skip function Some("fetch_from_gpu_cache_4_direct")
[2026-04-01T22:32:35Z INFO  naga::back::spv::writer] Skip function Some("fetch_from_gpu_cache_4_")
[2026-04-01T22:32:35Z INFO  naga::back::spv::writer] Skip function Some("fetch_image_source")
[2026-04-01T22:32:35Z INFO  naga::back::spv::writer] Skip function Some("fetch_image_source_direct")
[2026-04-01T22:32:35Z INFO  naga::back::spv::writer] Skip function Some("fetch_image_source_extra")
[2026-04-01T22:32:35Z INFO  naga::back::spv::writer] Skip function Some("fetch_from_gpu_buffer_1f")
[2026-04-01T22:32:35Z INFO  naga::back::spv::writer] Skip function Some("fetch_from_gpu_buffer_2f")
[2026-04-01T22:32:35Z INFO  naga::back::spv::writer] Skip function Some("fetch_from_gpu_buffer_3f")
[2026-04-01T22:32:35Z INFO  naga::back::spv::writer] Skip function Some("fetch_from_gpu_buffer_4f")
[2026-04-01T22:32:35Z INFO  naga::back::spv::writer] Skip function Some("fetch_from_gpu_buffer_5f")
[2026-04-01T22:32:35Z INFO  naga::back::spv::writer] Skip function Some("fetch_from_gpu_buffer_1i")
[2026-04-01T22:32:35Z INFO  naga::back::spv::writer] Skip function Some("fetch_from_gpu_cache_2_direct")
[2026-04-01T22:32:35Z INFO  naga::back::spv::writer] Skip function Some("fetch_from_gpu_cache_2_")
[2026-04-01T22:32:35Z INFO  naga::back::spv::writer] Skip function Some("fetch_from_gpu_cache_1_direct")
[2026-04-01T22:32:35Z INFO  naga::back::spv::writer] Skip function Some("fetch_from_gpu_cache_1_")
[2026-04-01T22:32:35Z INFO  naga::back::spv::writer] Skip function Some("fetch_from_gpu_buffer_1i")
[2026-04-01T22:32:35Z INFO  naga::back::spv::writer] Skip function Some("fetch_from_gpu_cache_2_direct")
[2026-04-01T22:32:35Z INFO  naga::back::spv::writer] Skip function Some("fetch_from_gpu_cache_2_")
[2026-04-01T22:32:35Z INFO  naga::back::spv::writer] Skip function Some("fetch_from_gpu_cache_1_direct")
[2026-04-01T22:32:35Z INFO  naga::back::spv::writer] Skip function Some("fetch_from_gpu_cache_1_")
[2026-04-01T22:32:36Z INFO  naga::back::spv::writer] Skip function Some("fetch_from_gpu_cache_2_direct")
[2026-04-01T22:32:36Z INFO  naga::back::spv::writer] Skip function Some("fetch_from_gpu_cache_2_")
[2026-04-01T22:32:36Z INFO  naga::back::spv::writer] Skip function Some("fetch_from_gpu_cache_1_direct")
[2026-04-01T22:32:36Z INFO  naga::back::spv::writer] Skip function Some("fetch_from_gpu_cache_1_")
[2026-04-01T22:32:36Z INFO  naga::back::spv::writer] Skip function Some("has_valid_transform_bounds")
[2026-04-01T22:32:36Z INFO  naga::back::spv::writer] Skip function Some("rectangle_aa_fragment")
[2026-04-01T22:32:36Z INFO  naga::back::spv::writer] Skip function Some("rectangle_aa_rough_fragment")
[2026-04-01T22:32:36Z INFO  naga::back::spv::writer] Skip function Some("antialias_brush")
[2026-04-01T22:32:36Z INFO  naga::back::spv::writer] Skip function Some("write_clip")
[2026-04-01T22:32:36Z INFO  naga::back::spv::writer] Skip function Some("fetch_from_gpu_buffer_1f")
[2026-04-01T22:32:36Z INFO  naga::back::spv::writer] Skip function Some("fetch_from_gpu_buffer_2f")
[2026-04-01T22:32:36Z INFO  naga::back::spv::writer] Skip function Some("fetch_from_gpu_buffer_3f")
[2026-04-01T22:32:36Z INFO  naga::back::spv::writer] Skip function Some("fetch_from_gpu_buffer_4f")
[2026-04-01T22:32:36Z INFO  naga::back::spv::writer] Skip function Some("fetch_from_gpu_buffer_5f")
[2026-04-01T22:32:36Z INFO  naga::back::spv::writer] Skip function Some("fetch_from_gpu_buffer_1i")
[2026-04-01T22:32:36Z INFO  naga::back::spv::writer] Skip function Some("fetch_from_gpu_cache_2_direct")
[2026-04-01T22:32:36Z INFO  naga::back::spv::writer] Skip function Some("fetch_from_gpu_cache_2_")
[2026-04-01T22:32:36Z INFO  naga::back::spv::writer] Skip function Some("fetch_from_gpu_cache_1_direct")
[2026-04-01T22:32:36Z INFO  naga::back::spv::writer] Skip function Some("fetch_from_gpu_cache_1_")
[2026-04-01T22:32:36Z INFO  naga::back::spv::writer] Skip function Some("has_valid_transform_bounds")
[2026-04-01T22:32:36Z INFO  naga::back::spv::writer] Skip function Some("rectangle_aa_fragment")
[2026-04-01T22:32:36Z INFO  naga::back::spv::writer] Skip function Some("rectangle_aa_rough_fragment")
[2026-04-01T22:32:36Z INFO  naga::back::spv::writer] Skip function Some("do_clip")
[2026-04-01T22:32:36Z INFO  naga::back::spv::writer] Skip function Some("fetch_from_gpu_buffer_1i")
[2026-04-01T22:32:36Z INFO  naga::back::spv::writer] Skip function Some("rectangle_aa_vertex")
[2026-04-01T22:32:36Z INFO  naga::back::spv::writer] Skip function Some("clip_and_init_antialiasing")
[2026-04-01T22:32:36Z INFO  naga::back::spv::writer] Skip function Some("fetch_from_gpu_cache_2_direct")
[2026-04-01T22:32:36Z INFO  naga::back::spv::writer] Skip function Some("fetch_from_gpu_cache_2_")
[2026-04-01T22:32:36Z INFO  naga::back::spv::writer] Skip function Some("fetch_from_gpu_cache_1_direct")
[2026-04-01T22:32:36Z INFO  naga::back::spv::writer] Skip function Some("fetch_from_gpu_cache_1_")
[2026-04-01T22:32:36Z INFO  naga::back::spv::writer] Skip function Some("has_valid_transform_bounds")
[2026-04-01T22:32:36Z INFO  naga::back::spv::writer] Skip function Some("rectangle_aa_fragment")
[2026-04-01T22:32:36Z INFO  naga::back::spv::writer] Skip function Some("rectangle_aa_rough_fragment")
[2026-04-01T22:32:36Z INFO  naga::back::spv::writer] Skip function Some("write_clip")
[2026-04-01T22:32:36Z INFO  naga::back::spv::writer] Skip function Some("fetch_from_gpu_cache_2_direct")
[2026-04-01T22:32:36Z INFO  naga::back::spv::writer] Skip function Some("fetch_from_gpu_cache_2_")
[2026-04-01T22:32:36Z INFO  naga::back::spv::writer] Skip function Some("fetch_from_gpu_cache_1_direct")
[2026-04-01T22:32:36Z INFO  naga::back::spv::writer] Skip function Some("fetch_from_gpu_cache_1_")
[2026-04-01T22:32:36Z INFO  naga::back::spv::writer] Skip function Some("has_valid_transform_bounds")
[2026-04-01T22:32:36Z INFO  naga::back::spv::writer] Skip function Some("rectangle_aa_fragment")
[2026-04-01T22:32:36Z INFO  naga::back::spv::writer] Skip function Some("rectangle_aa_rough_fragment")
[2026-04-01T22:32:36Z INFO  naga::back::spv::writer] Skip function Some("do_clip")
[2026-04-01T22:32:36Z INFO  naga::back::spv::writer] Skip function Some("fetch_from_gpu_cache_2_direct")
[2026-04-01T22:32:36Z INFO  naga::back::spv::writer] Skip function Some("fetch_from_gpu_cache_2_")
[2026-04-01T22:32:36Z INFO  naga::back::spv::writer] Skip function Some("fetch_from_gpu_cache_1_direct")
[2026-04-01T22:32:36Z INFO  naga::back::spv::writer] Skip function Some("fetch_from_gpu_cache_1_")
[2026-04-01T22:32:36Z INFO  naga::back::spv::writer] Skip function Some("rectangle_aa_vertex")
[2026-04-01T22:32:36Z INFO  naga::back::spv::writer] Skip function Some("fetch_transform")
[2026-04-01T22:32:36Z INFO  naga::back::spv::writer] Skip function Some("decode_instance_attributes")
[2026-04-01T22:32:36Z INFO  naga::back::spv::writer] Skip function Some("fetch_prim_header")
[2026-04-01T22:32:36Z INFO  naga::back::spv::writer] Skip function Some("clip_and_init_antialiasing")
[2026-04-01T22:32:36Z INFO  naga::back::spv::writer] Skip function Some("write_clip")
[2026-04-01T22:32:36Z INFO  naga::back::spv::writer] Skip function Some("has_valid_transform_bounds")
[2026-04-01T22:32:36Z INFO  naga::back::spv::writer] Skip function Some("rectangle_aa_fragment")
[2026-04-01T22:32:36Z INFO  naga::back::spv::writer] Skip function Some("rectangle_aa_rough_fragment")
[2026-04-01T22:32:36Z INFO  naga::back::spv::writer] Skip function Some("do_clip")
[2026-04-01T22:32:36Z INFO  naga::back::spv::writer] Skip function Some("fetch_render_task_data")
[2026-04-01T22:32:36Z INFO  naga::back::spv::writer] Skip function Some("fetch_render_task_rect")
[2026-04-01T22:32:36Z INFO  naga::back::spv::writer] Skip function Some("fetch_picture_task")
[2026-04-01T22:32:36Z INFO  naga::back::spv::writer] Skip function Some("fetch_clip_area")
[2026-04-01T22:32:36Z INFO  naga::back::spv::writer] Skip function Some("fetch_from_gpu_cache_2_direct")
[2026-04-01T22:32:36Z INFO  naga::back::spv::writer] Skip function Some("fetch_from_gpu_cache_2_")
[2026-04-01T22:32:36Z INFO  naga::back::spv::writer] Skip function Some("fetch_from_gpu_cache_1_direct")
[2026-04-01T22:32:36Z INFO  naga::back::spv::writer] Skip function Some("fetch_from_gpu_cache_1_")
[2026-04-01T22:32:36Z INFO  naga::back::spv::writer] Skip function Some("fetch_from_gpu_cache_8_")
[2026-04-01T22:32:36Z INFO  naga::back::spv::writer] Skip function Some("fetch_from_gpu_cache_3_")
[2026-04-01T22:32:36Z INFO  naga::back::spv::writer] Skip function Some("fetch_from_gpu_cache_3_direct")
[2026-04-01T22:32:36Z INFO  naga::back::spv::writer] Skip function Some("fetch_from_gpu_cache_4_direct")
[2026-04-01T22:32:36Z INFO  naga::back::spv::writer] Skip function Some("fetch_from_gpu_cache_4_")
[2026-04-01T22:32:36Z INFO  naga::back::spv::writer] Skip function Some("fetch_image_source")
[2026-04-01T22:32:36Z INFO  naga::back::spv::writer] Skip function Some("fetch_image_source_direct")
[2026-04-01T22:32:36Z INFO  naga::back::spv::writer] Skip function Some("fetch_image_source_extra")
[2026-04-01T22:32:36Z INFO  naga::back::spv::writer] Skip function Some("fetch_from_gpu_buffer_1f")
[2026-04-01T22:32:36Z INFO  naga::back::spv::writer] Skip function Some("fetch_from_gpu_buffer_2f")
[2026-04-01T22:32:36Z INFO  naga::back::spv::writer] Skip function Some("fetch_from_gpu_buffer_3f")
[2026-04-01T22:32:36Z INFO  naga::back::spv::writer] Skip function Some("fetch_from_gpu_buffer_4f")
[2026-04-01T22:32:36Z INFO  naga::back::spv::writer] Skip function Some("fetch_from_gpu_buffer_5f")
[2026-04-01T22:32:36Z INFO  naga::back::spv::writer] Skip function Some("fetch_from_gpu_buffer_1i")
[2026-04-01T22:32:36Z INFO  naga::back::spv::writer] Skip function Some("fetch_from_gpu_cache_2_direct")
[2026-04-01T22:32:36Z INFO  naga::back::spv::writer] Skip function Some("fetch_from_gpu_cache_2_")
[2026-04-01T22:32:36Z INFO  naga::back::spv::writer] Skip function Some("fetch_from_gpu_cache_1_direct")
[2026-04-01T22:32:36Z INFO  naga::back::spv::writer] Skip function Some("fetch_from_gpu_cache_1_")
[2026-04-01T22:32:36Z INFO  naga::back::spv::writer] Skip function Some("fetch_from_gpu_buffer_1i")
[2026-04-01T22:32:36Z INFO  naga::back::spv::writer] Skip function Some("write_clip")
[2026-04-01T22:32:36Z INFO  naga::back::spv::writer] Skip function Some("fetch_from_gpu_cache_2_direct")
[2026-04-01T22:32:36Z INFO  naga::back::spv::writer] Skip function Some("fetch_from_gpu_cache_2_")
[2026-04-01T22:32:36Z INFO  naga::back::spv::writer] Skip function Some("fetch_from_gpu_cache_1_direct")
[2026-04-01T22:32:36Z INFO  naga::back::spv::writer] Skip function Some("fetch_from_gpu_cache_1_")
[2026-04-01T22:32:36Z INFO  naga::back::spv::writer] Skip function Some("has_valid_transform_bounds")
[2026-04-01T22:32:36Z INFO  naga::back::spv::writer] Skip function Some("rectangle_aa_fragment")
[2026-04-01T22:32:36Z INFO  naga::back::spv::writer] Skip function Some("rectangle_aa_rough_fragment")
[2026-04-01T22:32:36Z INFO  naga::back::spv::writer] Skip function Some("do_clip")
[2026-04-01T22:32:36Z INFO  naga::back::spv::writer] Skip function Some("antialias_brush")
[2026-04-01T22:32:36Z INFO  naga::back::spv::writer] Skip function Some("fetch_from_gpu_cache_2_direct")
[2026-04-01T22:32:36Z INFO  naga::back::spv::writer] Skip function Some("fetch_from_gpu_cache_2_")
[2026-04-01T22:32:36Z INFO  naga::back::spv::writer] Skip function Some("fetch_from_gpu_cache_1_direct")
[2026-04-01T22:32:36Z INFO  naga::back::spv::writer] Skip function Some("fetch_from_gpu_cache_1_")
[2026-04-01T22:32:36Z INFO  naga::back::spv::writer] Skip function Some("fetch_from_gpu_cache_8_")
[2026-04-01T22:32:36Z INFO  naga::back::spv::writer] Skip function Some("fetch_from_gpu_cache_3_")
[2026-04-01T22:32:36Z INFO  naga::back::spv::writer] Skip function Some("fetch_from_gpu_cache_3_direct")
[2026-04-01T22:32:36Z INFO  naga::back::spv::writer] Skip function Some("fetch_from_gpu_cache_4_direct")
[2026-04-01T22:32:36Z INFO  naga::back::spv::writer] Skip function Some("fetch_from_gpu_cache_4_")
[2026-04-01T22:32:36Z INFO  naga::back::spv::writer] Skip function Some("fetch_image_source")
[2026-04-01T22:32:36Z INFO  naga::back::spv::writer] Skip function Some("fetch_image_source_direct")
[2026-04-01T22:32:36Z INFO  naga::back::spv::writer] Skip function Some("fetch_image_source_extra")
[2026-04-01T22:32:36Z INFO  naga::back::spv::writer] Skip function Some("rectangle_aa_vertex")
[2026-04-01T22:32:36Z INFO  naga::back::spv::writer] Skip function Some("fetch_transform")
[2026-04-01T22:32:36Z INFO  naga::back::spv::writer] Skip function Some("decode_instance_attributes")
[2026-04-01T22:32:36Z INFO  naga::back::spv::writer] Skip function Some("fetch_prim_header")
[2026-04-01T22:32:36Z INFO  naga::back::spv::writer] Skip function Some("clip_and_init_antialiasing")
[2026-04-01T22:32:36Z INFO  naga::back::spv::writer] Skip function Some("write_clip")
[2026-04-01T22:32:36Z INFO  naga::back::spv::writer] Skip function Some("get_image_quad_uv")
[2026-04-01T22:32:36Z INFO  naga::back::spv::writer] Skip function Some("fetch_from_gpu_cache_2_direct")
[2026-04-01T22:32:36Z INFO  naga::back::spv::writer] Skip function Some("fetch_from_gpu_cache_2_")
[2026-04-01T22:32:36Z INFO  naga::back::spv::writer] Skip function Some("fetch_from_gpu_cache_1_direct")
[2026-04-01T22:32:36Z INFO  naga::back::spv::writer] Skip function Some("fetch_from_gpu_cache_1_")
[2026-04-01T22:32:36Z INFO  naga::back::spv::writer] Skip function Some("has_valid_transform_bounds")
[2026-04-01T22:32:36Z INFO  naga::back::spv::writer] Skip function Some("rectangle_aa_fragment")
[2026-04-01T22:32:36Z INFO  naga::back::spv::writer] Skip function Some("rectangle_aa_rough_fragment")
[2026-04-01T22:32:36Z INFO  naga::back::spv::writer] Skip function Some("do_clip")
[2026-04-01T22:32:36Z INFO  naga::back::spv::writer] Skip function Some("rectangle_aa_vertex")
[2026-04-01T22:32:36Z INFO  naga::back::spv::writer] Skip function Some("clip_and_init_antialiasing")
[2026-04-01T22:32:36Z INFO  naga::back::spv::writer] Skip function Some("fetch_from_gpu_cache_2_direct")
[2026-04-01T22:32:36Z INFO  naga::back::spv::writer] Skip function Some("fetch_from_gpu_cache_2_")
[2026-04-01T22:32:36Z INFO  naga::back::spv::writer] Skip function Some("fetch_from_gpu_cache_1_direct")
[2026-04-01T22:32:36Z INFO  naga::back::spv::writer] Skip function Some("fetch_from_gpu_cache_1_")
[2026-04-01T22:32:36Z INFO  naga::back::spv::writer] Skip function Some("has_valid_transform_bounds")
[2026-04-01T22:32:36Z INFO  naga::back::spv::writer] Skip function Some("rectangle_aa_fragment")
[2026-04-01T22:32:36Z INFO  naga::back::spv::writer] Skip function Some("rectangle_aa_rough_fragment")
[2026-04-01T22:32:36Z INFO  naga::back::spv::writer] Skip function Some("write_clip")
[2026-04-01T22:32:36Z INFO  naga::back::spv::writer] Skip function Some("fetch_from_gpu_cache_2_direct")
[2026-04-01T22:32:36Z INFO  naga::back::spv::writer] Skip function Some("fetch_from_gpu_cache_2_")
[2026-04-01T22:32:36Z INFO  naga::back::spv::writer] Skip function Some("fetch_from_gpu_cache_1_direct")
[2026-04-01T22:32:36Z INFO  naga::back::spv::writer] Skip function Some("fetch_from_gpu_cache_1_")
[2026-04-01T22:32:36Z INFO  naga::back::spv::writer] Skip function Some("has_valid_transform_bounds")
[2026-04-01T22:32:36Z INFO  naga::back::spv::writer] Skip function Some("rectangle_aa_fragment")
[2026-04-01T22:32:36Z INFO  naga::back::spv::writer] Skip function Some("rectangle_aa_rough_fragment")
[2026-04-01T22:32:36Z INFO  naga::back::spv::writer] Skip function Some("do_clip")
[2026-04-01T22:32:36Z INFO  naga::back::spv::writer] Skip function Some("write_clip")
[2026-04-01T22:32:36Z INFO  naga::back::spv::writer] Skip function Some("fetch_from_gpu_cache_2_direct")
[2026-04-01T22:32:36Z INFO  naga::back::spv::writer] Skip function Some("fetch_from_gpu_cache_2_")
[2026-04-01T22:32:36Z INFO  naga::back::spv::writer] Skip function Some("fetch_from_gpu_cache_1_direct")
[2026-04-01T22:32:36Z INFO  naga::back::spv::writer] Skip function Some("fetch_from_gpu_cache_1_")
[2026-04-01T22:32:36Z INFO  naga::back::spv::writer] Skip function Some("has_valid_transform_bounds")
[2026-04-01T22:32:36Z INFO  naga::back::spv::writer] Skip function Some("rectangle_aa_fragment")
[2026-04-01T22:32:36Z INFO  naga::back::spv::writer] Skip function Some("rectangle_aa_rough_fragment")
[2026-04-01T22:32:36Z INFO  naga::back::spv::writer] Skip function Some("do_clip")
[2026-04-01T22:32:36Z INFO  naga::back::spv::writer] Skip function Some("sample_yuv")
[2026-04-01T22:32:36Z INFO  naga::back::spv::writer] Skip function Some("brush_fs")
[2026-04-01T22:32:36Z INFO  naga::back::spv::writer] Skip function Some("fetch_render_task_data")
[2026-04-01T22:32:36Z INFO  naga::back::spv::writer] Skip function Some("fetch_render_task_rect")
[2026-04-01T22:32:36Z INFO  naga::back::spv::writer] Skip function Some("fetch_picture_task")
[2026-04-01T22:32:36Z INFO  naga::back::spv::writer] Skip function Some("fetch_clip_area")
[2026-04-01T22:32:36Z INFO  naga::back::spv::writer] Skip function Some("fetch_from_gpu_cache_2_direct")
[2026-04-01T22:32:36Z INFO  naga::back::spv::writer] Skip function Some("fetch_from_gpu_cache_2_")
[2026-04-01T22:32:36Z INFO  naga::back::spv::writer] Skip function Some("fetch_from_gpu_cache_1_direct")
[2026-04-01T22:32:36Z INFO  naga::back::spv::writer] Skip function Some("fetch_from_gpu_cache_1_")
[2026-04-01T22:32:36Z INFO  naga::back::spv::writer] Skip function Some("fetch_render_task_data")
[2026-04-01T22:32:36Z INFO  naga::back::spv::writer] Skip function Some("fetch_render_task_rect")
[2026-04-01T22:32:36Z INFO  naga::back::spv::writer] Skip function Some("fetch_picture_task")
[2026-04-01T22:32:36Z INFO  naga::back::spv::writer] Skip function Some("fetch_clip_area")
[2026-04-01T22:32:36Z INFO  naga::back::spv::writer] Skip function Some("fetch_from_gpu_cache_2_direct")
[2026-04-01T22:32:36Z INFO  naga::back::spv::writer] Skip function Some("fetch_from_gpu_cache_2_")
[2026-04-01T22:32:36Z INFO  naga::back::spv::writer] Skip function Some("fetch_from_gpu_cache_1_direct")
[2026-04-01T22:32:36Z INFO  naga::back::spv::writer] Skip function Some("fetch_from_gpu_cache_1_")
[2026-04-01T22:32:36Z INFO  naga::back::spv::writer] Skip function Some("fetch_from_gpu_cache_8_")
[2026-04-01T22:32:36Z INFO  naga::back::spv::writer] Skip function Some("fetch_from_gpu_cache_3_")
[2026-04-01T22:32:36Z INFO  naga::back::spv::writer] Skip function Some("fetch_from_gpu_cache_3_direct")
[2026-04-01T22:32:36Z INFO  naga::back::spv::writer] Skip function Some("fetch_from_gpu_cache_4_direct")
[2026-04-01T22:32:36Z INFO  naga::back::spv::writer] Skip function Some("fetch_from_gpu_cache_4_")
[2026-04-01T22:32:36Z INFO  naga::back::spv::writer] Skip function Some("fetch_image_source")
[2026-04-01T22:32:36Z INFO  naga::back::spv::writer] Skip function Some("fetch_image_source_direct")
[2026-04-01T22:32:36Z INFO  naga::back::spv::writer] Skip function Some("fetch_image_source_extra")
[2026-04-01T22:32:36Z INFO  naga::back::spv::writer] Skip function Some("fetch_from_gpu_cache_2_direct")
[2026-04-01T22:32:36Z INFO  naga::back::spv::writer] Skip function Some("fetch_from_gpu_cache_2_")
[2026-04-01T22:32:36Z INFO  naga::back::spv::writer] Skip function Some("fetch_from_gpu_cache_1_direct")
[2026-04-01T22:32:36Z INFO  naga::back::spv::writer] Skip function Some("fetch_from_gpu_cache_1_")
[2026-04-01T22:32:36Z INFO  naga::back::spv::writer] Skip function Some("fetch_from_gpu_buffer_1f")
[2026-04-01T22:32:36Z INFO  naga::back::spv::writer] Skip function Some("fetch_from_gpu_buffer_2f")
[2026-04-01T22:32:36Z INFO  naga::back::spv::writer] Skip function Some("fetch_from_gpu_buffer_3f")
[2026-04-01T22:32:36Z INFO  naga::back::spv::writer] Skip function Some("fetch_from_gpu_buffer_4f")
[2026-04-01T22:32:36Z INFO  naga::back::spv::writer] Skip function Some("fetch_from_gpu_buffer_5f")
[2026-04-01T22:32:36Z INFO  naga::back::spv::writer] Skip function Some("fetch_from_gpu_buffer_1i")
[2026-04-01T22:32:36Z INFO  naga::back::spv::writer] Skip function Some("fetch_from_gpu_cache_2_direct")
[2026-04-01T22:32:36Z INFO  naga::back::spv::writer] Skip function Some("fetch_from_gpu_cache_2_")
[2026-04-01T22:32:36Z INFO  naga::back::spv::writer] Skip function Some("fetch_from_gpu_cache_1_direct")
[2026-04-01T22:32:36Z INFO  naga::back::spv::writer] Skip function Some("fetch_from_gpu_cache_1_")
[2026-04-01T22:32:36Z INFO  naga::back::spv::writer] Skip function Some("fetch_from_gpu_buffer_1i")
[2026-04-01T22:32:37Z INFO  naga::back::spv::writer] Skip function Some("fetch_from_gpu_buffer_1f")
[2026-04-01T22:32:37Z INFO  naga::back::spv::writer] Skip function Some("fetch_from_gpu_buffer_2f")
[2026-04-01T22:32:37Z INFO  naga::back::spv::writer] Skip function Some("fetch_from_gpu_buffer_3f")
[2026-04-01T22:32:37Z INFO  naga::back::spv::writer] Skip function Some("fetch_from_gpu_buffer_4f")
[2026-04-01T22:32:37Z INFO  naga::back::spv::writer] Skip function Some("fetch_from_gpu_buffer_5f")
[2026-04-01T22:32:37Z INFO  naga::back::spv::writer] Skip function Some("fetch_from_gpu_buffer_1i")
[2026-04-01T22:32:37Z INFO  naga::back::spv::writer] Skip function Some("fetch_from_gpu_cache_2_direct")
[2026-04-01T22:32:37Z INFO  naga::back::spv::writer] Skip function Some("fetch_from_gpu_cache_2_")
[2026-04-01T22:32:37Z INFO  naga::back::spv::writer] Skip function Some("fetch_from_gpu_cache_1_direct")
[2026-04-01T22:32:37Z INFO  naga::back::spv::writer] Skip function Some("fetch_from_gpu_cache_1_")
[2026-04-01T22:32:37Z INFO  naga::back::spv::writer] Skip function Some("fetch_render_task_data")
[2026-04-01T22:32:37Z INFO  naga::back::spv::writer] Skip function Some("fetch_render_task_rect")
[2026-04-01T22:32:37Z INFO  naga::back::spv::writer] Skip function Some("fetch_picture_task")
[2026-04-01T22:32:37Z INFO  naga::back::spv::writer] Skip function Some("fetch_clip_area")
[2026-04-01T22:32:37Z INFO  naga::back::spv::writer] Skip function Some("fetch_from_gpu_cache_2_direct")
[2026-04-01T22:32:37Z INFO  naga::back::spv::writer] Skip function Some("fetch_from_gpu_cache_2_")
[2026-04-01T22:32:37Z INFO  naga::back::spv::writer] Skip function Some("fetch_from_gpu_cache_1_direct")
[2026-04-01T22:32:37Z INFO  naga::back::spv::writer] Skip function Some("fetch_from_gpu_cache_1_")
[2026-04-01T22:32:37Z INFO  naga::back::spv::writer] Skip function Some("fetch_from_gpu_cache_8_")
[2026-04-01T22:32:37Z INFO  naga::back::spv::writer] Skip function Some("fetch_from_gpu_cache_3_")
[2026-04-01T22:32:37Z INFO  naga::back::spv::writer] Skip function Some("fetch_from_gpu_cache_3_direct")
[2026-04-01T22:32:37Z INFO  naga::back::spv::writer] Skip function Some("fetch_from_gpu_cache_4_direct")
[2026-04-01T22:32:37Z INFO  naga::back::spv::writer] Skip function Some("fetch_from_gpu_cache_4_")
[2026-04-01T22:32:37Z INFO  naga::back::spv::writer] Skip function Some("fetch_image_source")
[2026-04-01T22:32:37Z INFO  naga::back::spv::writer] Skip function Some("fetch_image_source_direct")
[2026-04-01T22:32:37Z INFO  naga::back::spv::writer] Skip function Some("fetch_image_source_extra")
[2026-04-01T22:32:37Z INFO  naga::back::spv::writer] Skip function Some("fetch_from_gpu_buffer_1f")
[2026-04-01T22:32:37Z INFO  naga::back::spv::writer] Skip function Some("fetch_from_gpu_buffer_2f")
[2026-04-01T22:32:37Z INFO  naga::back::spv::writer] Skip function Some("fetch_from_gpu_buffer_3f")
[2026-04-01T22:32:37Z INFO  naga::back::spv::writer] Skip function Some("fetch_from_gpu_buffer_4f")
[2026-04-01T22:32:37Z INFO  naga::back::spv::writer] Skip function Some("fetch_from_gpu_buffer_5f")
[2026-04-01T22:32:37Z INFO  naga::back::spv::writer] Skip function Some("fetch_from_gpu_buffer_1i")
[2026-04-01T22:32:37Z INFO  naga::back::spv::writer] Skip function Some("fetch_from_gpu_cache_2_direct")
[2026-04-01T22:32:37Z INFO  naga::back::spv::writer] Skip function Some("fetch_from_gpu_cache_2_")
[2026-04-01T22:32:37Z INFO  naga::back::spv::writer] Skip function Some("fetch_from_gpu_cache_1_direct")
[2026-04-01T22:32:37Z INFO  naga::back::spv::writer] Skip function Some("fetch_from_gpu_cache_1_")
[2026-04-01T22:32:37Z INFO  naga::back::spv::writer] Skip function Some("fetch_from_gpu_buffer_1i")
[2026-04-01T22:32:37Z INFO  naga::back::spv::writer] Skip function Some("fetch_from_gpu_buffer_1i")
[2026-04-01T22:32:37Z INFO  webrender::renderer::init] wgpu: headless device created alongside GL
[2026-04-01T22:32:37Z INFO  webrender::renderer::init] using KHR
[2026-04-01T22:32:37Z INFO  paint::painter] Running on ANGLE (NVIDIA, NVIDIA GeForce RTX 4060 Laptop GPU Direct3D11 vs_5_0 ps_5_0, D3D11-32.0.15.9186) with OpenGL version OpenGL ES 3.0.0 (ANGLE 2.1.19735 git hash: 6784271c1c62)
[2026-04-01T22:32:37Z WARN  webrender::device::gl] Cropping texture upload Box2D((0, 0), (0, 1)) to None
[2026-04-01T22:32:37Z WARN  webrender::device::gl] Cropping texture upload Box2D((0, 0), (0, 1)) to None
[2026-04-01T22:32:37Z WARN  webrender::device::gl] Cropping texture upload Box2D((0, 0), (0, 1)) to None
[2026-04-01T22:32:37Z WARN  webrender::device::gl] Cropping texture upload Box2D((0, 0), (0, 1)) to None
[2026-04-01T22:32:37Z WARN  webrender::device::gl] Cropping texture upload Box2D((0, 0), (0, 1)) to None
[2026-04-01T22:32:37Z WARN  webrender::device::gl] Cropping texture upload Box2D((0, 0), (0, 1)) to None
[2026-04-01T22:32:37Z WARN  servo_constellation::constellation] Pipeline(1,1): Visibility change for closed pipeline
[2026-04-01T22:32:37Z WARN  script::timers] Resuming an already resumed timer.
[2026-04-01T22:32:37Z WARN  webrender::device::gl] Cropping texture upload Box2D((0, 0), (0, 1)) to None
[2026-04-01T22:32:37Z WARN  webrender::device::gl] Cropping texture upload Box2D((0, 0), (0, 1)) to None
[2026-04-01T22:32:37Z WARN  webrender::device::gl] Cropping texture upload Box2D((0, 0), (0, 1)) to None
[2026-04-01T22:32:37Z INFO  webrender::picture] wgpu DPS_DIAG: surface[0].device_pixel_scale=1.000, world_scale=(1.000,1.000)
[2026-04-01T22:32:58Z INFO  webrender::render_backend] Recycling stats: Recycler { num_allocations: 0 }
[2026-04-01T22:32:58Z WARN  profile_traits::mem] Error communicating with the memory profiler thread: Disconnected
[2026-04-01T22:32:58Z WARN  profile_traits::mem] Error communicating with the memory profiler thread: Disconnected
[2026-04-01T22:32:58Z WARN  profile_traits::mem] Error communicating with the memory profiler thread: Disconnected
[2026-04-01T22:32:58Z WARN  profile_traits::mem] Error communicating with the memory profiler thread: Disconnected
[2026-04-01T22:32:58Z WARN  profile_traits::mem] Error communicating with the memory profiler thread: Disconnected
[2026-04-01T22:32:58Z WARN  profile_traits::mem] Error communicating with the memory profiler thread: Disconnected
[2026-04-01T22:32:58Z WARN  profile_traits::mem] Error communicating with the memory profiler thread: Disconnected
